[    1719ms] [ERROR] Docusaurus React Root onRecoverableError: Error: Minified React error #418; visit https://reactjs.org/docs/error-decoder.html?invariant=418 for the full message or use the non-minified dev environment for full errors and additional helpful warnings.
    at ih (https://wiki.seeedstudio.com/assets/js/main.cd7bec86.js:1:78866)
    at d (https://wiki.seeedstudio.com/assets/js/main.cd7bec86.js:1:153481)
    at _B (https://wiki.seeedstudio.com/assets/js/main.cd7bec86.js:1:131468)
    at _y (https://wiki.seeedstudio.com/assets/js/main.cd7bec86.js:1:126535)
    at w (https://wiki.seeedstudio.com/assets/js/main.cd7bec86.js:1:204618)
    at MessagePort.I (https://wiki.seeedstudio.com/assets/js/main.cd7bec86.js:1:205139) {componentStack: 
    at a
    at https://wiki.seeedstudio.com/asse…edstudio.com/assets/js/main.cd7bec86.js:1:169802), digest: null} @ https://wiki.seeedstudio.com/assets/js/main.cd7bec86.js:26
[    1721ms] [ERROR] Docusaurus React Root onRecoverableError: Error: Minified React error #418; visit https://reactjs.org/docs/error-decoder.html?invariant=418 for the full message or use the non-minified dev environment for full errors and additional helpful warnings.
    at ih (https://wiki.seeedstudio.com/assets/js/main.cd7bec86.js:1:78866)
    at d (https://wiki.seeedstudio.com/assets/js/main.cd7bec86.js:1:153481)
    at _B (https://wiki.seeedstudio.com/assets/js/main.cd7bec86.js:1:131468)
    at _y (https://wiki.seeedstudio.com/assets/js/main.cd7bec86.js:1:126535)
    at w (https://wiki.seeedstudio.com/assets/js/main.cd7bec86.js:1:204618)
    at MessagePort.I (https://wiki.seeedstudio.com/assets/js/main.cd7bec86.js:1:205139) {componentStack: 
    at a
    at https://wiki.seeedstudio.com/asse…edstudio.com/assets/js/main.cd7bec86.js:1:169802), digest: null} @ https://wiki.seeedstudio.com/assets/js/main.cd7bec86.js:26
[    1721ms] [ERROR] Docusaurus React Root onRecoverableError: Error: Minified React error #418; visit https://reactjs.org/docs/error-decoder.html?invariant=418 for the full message or use the non-minified dev environment for full errors and additional helpful warnings.
    at ih (https://wiki.seeedstudio.com/assets/js/main.cd7bec86.js:1:78866)
    at d (https://wiki.seeedstudio.com/assets/js/main.cd7bec86.js:1:153481)
    at _B (https://wiki.seeedstudio.com/assets/js/main.cd7bec86.js:1:131468)
    at _y (https://wiki.seeedstudio.com/assets/js/main.cd7bec86.js:1:126535)
    at w (https://wiki.seeedstudio.com/assets/js/main.cd7bec86.js:1:204618)
    at MessagePort.I (https://wiki.seeedstudio.com/assets/js/main.cd7bec86.js:1:205139) {componentStack: 
    at a
    at https://wiki.seeedstudio.com/asse…edstudio.com/assets/js/main.cd7bec86.js:1:169802), digest: null} @ https://wiki.seeedstudio.com/assets/js/main.cd7bec86.js:26
[    1721ms] [ERROR] Docusaurus React Root onRecoverableError: Error: Minified React error #418; visit https://reactjs.org/docs/error-decoder.html?invariant=418 for the full message or use the non-minified dev environment for full errors and additional helpful warnings.
    at ih (https://wiki.seeedstudio.com/assets/js/main.cd7bec86.js:1:78866)
    at d (https://wiki.seeedstudio.com/assets/js/main.cd7bec86.js:1:153481)
    at _B (https://wiki.seeedstudio.com/assets/js/main.cd7bec86.js:1:131468)
    at _y (https://wiki.seeedstudio.com/assets/js/main.cd7bec86.js:1:126535)
    at w (https://wiki.seeedstudio.com/assets/js/main.cd7bec86.js:1:204618)
    at MessagePort.I (https://wiki.seeedstudio.com/assets/js/main.cd7bec86.js:1:205139) {componentStack: 
    at a
    at https://wiki.seeedstudio.com/asse…edstudio.com/assets/js/main.cd7bec86.js:1:169802), digest: null} @ https://wiki.seeedstudio.com/assets/js/main.cd7bec86.js:26
[    1721ms] [ERROR] Docusaurus React Root onRecoverableError: Error: Minified React error #418; visit https://reactjs.org/docs/error-decoder.html?invariant=418 for the full message or use the non-minified dev environment for full errors and additional helpful warnings.
    at ih (https://wiki.seeedstudio.com/assets/js/main.cd7bec86.js:1:78866)
    at d (https://wiki.seeedstudio.com/assets/js/main.cd7bec86.js:1:153481)
    at _B (https://wiki.seeedstudio.com/assets/js/main.cd7bec86.js:1:131468)
    at _y (https://wiki.seeedstudio.com/assets/js/main.cd7bec86.js:1:126535)
    at w (https://wiki.seeedstudio.com/assets/js/main.cd7bec86.js:1:204618)
    at MessagePort.I (https://wiki.seeedstudio.com/assets/js/main.cd7bec86.js:1:205139) {componentStack: 
    at button
    at div
    at https://wiki.seee…edstudio.com/assets/js/main.cd7bec86.js:1:169802), digest: null} @ https://wiki.seeedstudio.com/assets/js/main.cd7bec86.js:26
[    1721ms] [ERROR] Docusaurus React Root onRecoverableError: Error: Minified React error #418; visit https://reactjs.org/docs/error-decoder.html?invariant=418 for the full message or use the non-minified dev environment for full errors and additional helpful warnings.
    at ih (https://wiki.seeedstudio.com/assets/js/main.cd7bec86.js:1:78866)
    at d (https://wiki.seeedstudio.com/assets/js/main.cd7bec86.js:1:153481)
    at _B (https://wiki.seeedstudio.com/assets/js/main.cd7bec86.js:1:131468)
    at _y (https://wiki.seeedstudio.com/assets/js/main.cd7bec86.js:1:126535)
    at w (https://wiki.seeedstudio.com/assets/js/main.cd7bec86.js:1:204618)
    at MessagePort.I (https://wiki.seeedstudio.com/assets/js/main.cd7bec86.js:1:205139) {componentStack: 
    at div
    at eM (https://wiki.seeedstudio.co…edstudio.com/assets/js/main.cd7bec86.js:1:169802), digest: null} @ https://wiki.seeedstudio.com/assets/js/main.cd7bec86.js:26
[    1721ms] [ERROR] Docusaurus React Root onRecoverableError: Error: Minified React error #418; visit https://reactjs.org/docs/error-decoder.html?invariant=418 for the full message or use the non-minified dev environment for full errors and additional helpful warnings.
    at ih (https://wiki.seeedstudio.com/assets/js/main.cd7bec86.js:1:78866)
    at d (https://wiki.seeedstudio.com/assets/js/main.cd7bec86.js:1:153481)
    at _B (https://wiki.seeedstudio.com/assets/js/main.cd7bec86.js:1:131468)
    at _y (https://wiki.seeedstudio.com/assets/js/main.cd7bec86.js:1:126535)
    at w (https://wiki.seeedstudio.com/assets/js/main.cd7bec86.js:1:204618)
    at MessagePort.I (https://wiki.seeedstudio.com/assets/js/main.cd7bec86.js:1:205139) {componentStack: 
    at div
    at eU (https://wiki.seeedstudio.co…edstudio.com/assets/js/main.cd7bec86.js:1:169802), digest: null} @ https://wiki.seeedstudio.com/assets/js/main.cd7bec86.js:26
[    1721ms] [ERROR] Docusaurus React Root onRecoverableError: Error: Minified React error #418; visit https://reactjs.org/docs/error-decoder.html?invariant=418 for the full message or use the non-minified dev environment for full errors and additional helpful warnings.
    at ih (https://wiki.seeedstudio.com/assets/js/main.cd7bec86.js:1:78866)
    at d (https://wiki.seeedstudio.com/assets/js/main.cd7bec86.js:1:153481)
    at _B (https://wiki.seeedstudio.com/assets/js/main.cd7bec86.js:1:131468)
    at _y (https://wiki.seeedstudio.com/assets/js/main.cd7bec86.js:1:126535)
    at w (https://wiki.seeedstudio.com/assets/js/main.cd7bec86.js:1:204618)
    at MessagePort.I (https://wiki.seeedstudio.com/assets/js/main.cd7bec86.js:1:205139) {componentStack: 
    at div
    at T (https://wiki.seeedstudio.com…edstudio.com/assets/js/main.cd7bec86.js:1:169802), digest: null} @ https://wiki.seeedstudio.com/assets/js/main.cd7bec86.js:26
[    1721ms] [ERROR] Docusaurus React Root onRecoverableError: Error: Minified React error #418; visit https://reactjs.org/docs/error-decoder.html?invariant=418 for the full message or use the non-minified dev environment for full errors and additional helpful warnings.
    at ih (https://wiki.seeedstudio.com/assets/js/main.cd7bec86.js:1:78866)
    at d (https://wiki.seeedstudio.com/assets/js/main.cd7bec86.js:1:153481)
    at _B (https://wiki.seeedstudio.com/assets/js/main.cd7bec86.js:1:131468)
    at _y (https://wiki.seeedstudio.com/assets/js/main.cd7bec86.js:1:126535)
    at w (https://wiki.seeedstudio.com/assets/js/main.cd7bec86.js:1:204618)
    at MessagePort.I (https://wiki.seeedstudio.com/assets/js/main.cd7bec86.js:1:205139) {componentStack: 
    at footer
    at tp (https://wiki.seeedstudio…edstudio.com/assets/js/main.cd7bec86.js:1:169802), digest: null} @ https://wiki.seeedstudio.com/assets/js/main.cd7bec86.js:26
[    1721ms] [ERROR] Docusaurus React Root onRecoverableError: Error: Minified React error #423; visit https://reactjs.org/docs/error-decoder.html?invariant=423 for the full message or use the non-minified dev environment for full errors and additional helpful warnings.
    at d (https://wiki.seeedstudio.com/assets/js/main.cd7bec86.js:1:153140)
    at _B (https://wiki.seeedstudio.com/assets/js/main.cd7bec86.js:1:131468)
    at _L (https://wiki.seeedstudio.com/assets/js/main.cd7bec86.js:1:131338)
    at _k (https://wiki.seeedstudio.com/assets/js/main.cd7bec86.js:1:128109)
    at _y (https://wiki.seeedstudio.com/assets/js/main.cd7bec86.js:1:126664)
    at w (https://wiki.seeedstudio.com/assets/js/main.cd7bec86.js:1:204618)
    at MessagePort.I (https://wiki.seeedstudio.com/assets/js/main.cd7bec86.js:1:205139) {componentStack: , digest: null} @ https://wiki.seeedstudio.com/assets/js/main.cd7bec86.js:26
