[     164ms] [ERROR] Failed to load resource: the server responded with a status of 404 () @ https://wiki.seeedstudio.com/getting_started/:0
[     329ms] [ERROR] Docusaurus React Root onRecoverableError: Error: Minified React error #418; visit https://reactjs.org/docs/error-decoder.html?invariant=418 for the full message or use the non-minified dev environment for full errors and additional helpful warnings.
    at ih (https://wiki.seeedstudio.com/assets/js/main.cd7bec86.js:1:78866)
    at d (https://wiki.seeedstudio.com/assets/js/main.cd7bec86.js:1:153481)
    at _B (https://wiki.seeedstudio.com/assets/js/main.cd7bec86.js:1:131468)
    at _y (https://wiki.seeedstudio.com/assets/js/main.cd7bec86.js:1:126535)
    at w (https://wiki.seeedstudio.com/assets/js/main.cd7bec86.js:1:204618)
    at MessagePort.I (https://wiki.seeedstudio.com/assets/js/main.cd7bec86.js:1:205139) {componentStack: 
    at div
    at Z (https://wiki.seeedstudio.com…edstudio.com/assets/js/main.cd7bec86.js:1:169802), digest: null} @ https://wiki.seeedstudio.com/assets/js/main.cd7bec86.js:26
[     329ms] [ERROR] Docusaurus React Root onRecoverableError: Error: Minified React error #418; visit https://reactjs.org/docs/error-decoder.html?invariant=418 for the full message or use the non-minified dev environment for full errors and additional helpful warnings.
    at ig (https://wiki.seeedstudio.com/assets/js/main.cd7bec86.js:1:79320)
    at https://wiki.seeedstudio.com/assets/js/main.cd7bec86.js:1:132360
    at _N (https://wiki.seeedstudio.com/assets/js/main.cd7bec86.js:1:138578)
    at _B (https://wiki.seeedstudio.com/assets/js/main.cd7bec86.js:1:131528)
    at _y (https://wiki.seeedstudio.com/assets/js/main.cd7bec86.js:1:126535)
    at w (https://wiki.seeedstudio.com/assets/js/main.cd7bec86.js:1:204618)
    at MessagePort.I (https://wiki.seeedstudio.com/assets/js/main.cd7bec86.js:1:205139) {componentStack: 
    at div
    at T (https://wiki.seeedstudio.com…edstudio.com/assets/js/main.cd7bec86.js:1:169802), digest: null} @ https://wiki.seeedstudio.com/assets/js/main.cd7bec86.js:26
[     329ms] [ERROR] Docusaurus React Root onRecoverableError: Error: Minified React error #418; visit https://reactjs.org/docs/error-decoder.html?invariant=418 for the full message or use the non-minified dev environment for full errors and additional helpful warnings.
    at ih (https://wiki.seeedstudio.com/assets/js/main.cd7bec86.js:1:78866)
    at d (https://wiki.seeedstudio.com/assets/js/main.cd7bec86.js:1:153481)
    at _B (https://wiki.seeedstudio.com/assets/js/main.cd7bec86.js:1:131468)
    at _y (https://wiki.seeedstudio.com/assets/js/main.cd7bec86.js:1:126535)
    at w (https://wiki.seeedstudio.com/assets/js/main.cd7bec86.js:1:204618)
    at MessagePort.I (https://wiki.seeedstudio.com/assets/js/main.cd7bec86.js:1:205139) {componentStack: 
    at footer
    at tp (https://wiki.seeedstudio…edstudio.com/assets/js/main.cd7bec86.js:1:169802), digest: null} @ https://wiki.seeedstudio.com/assets/js/main.cd7bec86.js:26
[     329ms] [ERROR] Docusaurus React Root onRecoverableError: Error: Minified React error #423; visit https://reactjs.org/docs/error-decoder.html?invariant=423 for the full message or use the non-minified dev environment for full errors and additional helpful warnings.
    at d (https://wiki.seeedstudio.com/assets/js/main.cd7bec86.js:1:153140)
    at _B (https://wiki.seeedstudio.com/assets/js/main.cd7bec86.js:1:131468)
    at _L (https://wiki.seeedstudio.com/assets/js/main.cd7bec86.js:1:131338)
    at _k (https://wiki.seeedstudio.com/assets/js/main.cd7bec86.js:1:128109)
    at _y (https://wiki.seeedstudio.com/assets/js/main.cd7bec86.js:1:126664)
    at w (https://wiki.seeedstudio.com/assets/js/main.cd7bec86.js:1:204618)
    at MessagePort.I (https://wiki.seeedstudio.com/assets/js/main.cd7bec86.js:1:205139) {componentStack: , digest: null} @ https://wiki.seeedstudio.com/assets/js/main.cd7bec86.js:26
