[     912ms] [ERROR] Docusaurus React Root onRecoverableError: Error: Minified React error #418; visit https://reactjs.org/docs/error-decoder.html?invariant=418 for the full message or use the non-minified dev environment for full errors and additional helpful warnings.
    at ih (https://wiki.seeedstudio.com/assets/js/main.cd7bec86.js:1:78866)
    at d (https://wiki.seeedstudio.com/assets/js/main.cd7bec86.js:1:153481)
    at _B (https://wiki.seeedstudio.com/assets/js/main.cd7bec86.js:1:131468)
    at _y (https://wiki.seeedstudio.com/assets/js/main.cd7bec86.js:1:126535)
    at w (https://wiki.seeedstudio.com/assets/js/main.cd7bec86.js:1:204618)
    at MessagePort.I (https://wiki.seeedstudio.com/assets/js/main.cd7bec86.js:1:205139) {componentStack: 
    at tr
    at table
    at div
    at p (https…edstudio.com/assets/js/main.cd7bec86.js:1:169802), digest: null} @ https://wiki.seeedstudio.com/assets/js/main.cd7bec86.js:26
[     913ms] [ERROR] Docusaurus React Root onRecoverableError: Error: Minified React error #418; visit https://reactjs.org/docs/error-decoder.html?invariant=418 for the full message or use the non-minified dev environment for full errors and additional helpful warnings.
    at ih (https://wiki.seeedstudio.com/assets/js/main.cd7bec86.js:1:78866)
    at d (https://wiki.seeedstudio.com/assets/js/main.cd7bec86.js:1:153481)
    at _B (https://wiki.seeedstudio.com/assets/js/main.cd7bec86.js:1:131468)
    at _y (https://wiki.seeedstudio.com/assets/js/main.cd7bec86.js:1:126535)
    at w (https://wiki.seeedstudio.com/assets/js/main.cd7bec86.js:1:204618)
    at MessagePort.I (https://wiki.seeedstudio.com/assets/js/main.cd7bec86.js:1:205139) {componentStack: 
    at tr
    at table
    at div
    at p (https…edstudio.com/assets/js/main.cd7bec86.js:1:169802), digest: null} @ https://wiki.seeedstudio.com/assets/js/main.cd7bec86.js:26
[     913ms] [ERROR] Docusaurus React Root onRecoverableError: Error: Minified React error #418; visit https://reactjs.org/docs/error-decoder.html?invariant=418 for the full message or use the non-minified dev environment for full errors and additional helpful warnings.
    at ih (https://wiki.seeedstudio.com/assets/js/main.cd7bec86.js:1:78866)
    at d (https://wiki.seeedstudio.com/assets/js/main.cd7bec86.js:1:153658)
    at _B (https://wiki.seeedstudio.com/assets/js/main.cd7bec86.js:1:131468)
    at _y (https://wiki.seeedstudio.com/assets/js/main.cd7bec86.js:1:126535)
    at w (https://wiki.seeedstudio.com/assets/js/main.cd7bec86.js:1:204618)
    at MessagePort.I (https://wiki.seeedstudio.com/assets/js/main.cd7bec86.js:1:205139) {componentStack: 
    at p (https://wiki.seeedstudio.com/assets/js/…edstudio.com/assets/js/main.cd7bec86.js:1:169802), digest: null} @ https://wiki.seeedstudio.com/assets/js/main.cd7bec86.js:26
[     913ms] [ERROR] Docusaurus React Root onRecoverableError: Error: Minified React error #418; visit https://reactjs.org/docs/error-decoder.html?invariant=418 for the full message or use the non-minified dev environment for full errors and additional helpful warnings.
    at ih (https://wiki.seeedstudio.com/assets/js/main.cd7bec86.js:1:78866)
    at d (https://wiki.seeedstudio.com/assets/js/main.cd7bec86.js:1:153481)
    at _B (https://wiki.seeedstudio.com/assets/js/main.cd7bec86.js:1:131468)
    at _y (https://wiki.seeedstudio.com/assets/js/main.cd7bec86.js:1:126535)
    at w (https://wiki.seeedstudio.com/assets/js/main.cd7bec86.js:1:204618)
    at MessagePort.I (https://wiki.seeedstudio.com/assets/js/main.cd7bec86.js:1:205139) {componentStack: 
    at h2
    at s (https://wiki.seeedstudio.com/…edstudio.com/assets/js/main.cd7bec86.js:1:169802), digest: null} @ https://wiki.seeedstudio.com/assets/js/main.cd7bec86.js:26
[     913ms] [ERROR] Docusaurus React Root onRecoverableError: Error: Minified React error #418; visit https://reactjs.org/docs/error-decoder.html?invariant=418 for the full message or use the non-minified dev environment for full errors and additional helpful warnings.
    at ih (https://wiki.seeedstudio.com/assets/js/main.cd7bec86.js:1:78866)
    at d (https://wiki.seeedstudio.com/assets/js/main.cd7bec86.js:1:153658)
    at _B (https://wiki.seeedstudio.com/assets/js/main.cd7bec86.js:1:131468)
    at _y (https://wiki.seeedstudio.com/assets/js/main.cd7bec86.js:1:126535)
    at w (https://wiki.seeedstudio.com/assets/js/main.cd7bec86.js:1:204618)
    at MessagePort.I (https://wiki.seeedstudio.com/assets/js/main.cd7bec86.js:1:205139) {componentStack: 
    at p (https://wiki.seeedstudio.com/assets/js/…edstudio.com/assets/js/main.cd7bec86.js:1:169802), digest: null} @ https://wiki.seeedstudio.com/assets/js/main.cd7bec86.js:26
[     913ms] [ERROR] Docusaurus React Root onRecoverableError: Error: Minified React error #418; visit https://reactjs.org/docs/error-decoder.html?invariant=418 for the full message or use the non-minified dev environment for full errors and additional helpful warnings.
    at ih (https://wiki.seeedstudio.com/assets/js/main.cd7bec86.js:1:78866)
    at d (https://wiki.seeedstudio.com/assets/js/main.cd7bec86.js:1:153481)
    at _B (https://wiki.seeedstudio.com/assets/js/main.cd7bec86.js:1:131468)
    at _y (https://wiki.seeedstudio.com/assets/js/main.cd7bec86.js:1:126535)
    at w (https://wiki.seeedstudio.com/assets/js/main.cd7bec86.js:1:204618)
    at MessagePort.I (https://wiki.seeedstudio.com/assets/js/main.cd7bec86.js:1:205139) {componentStack: 
    at div
    at i (https://wiki.seeedstudio.com…edstudio.com/assets/js/main.cd7bec86.js:1:169802), digest: null} @ https://wiki.seeedstudio.com/assets/js/main.cd7bec86.js:26
[     913ms] [ERROR] Docusaurus React Root onRecoverableError: Error: Minified React error #418; visit https://reactjs.org/docs/error-decoder.html?invariant=418 for the full message or use the non-minified dev environment for full errors and additional helpful warnings.
    at ih (https://wiki.seeedstudio.com/assets/js/main.cd7bec86.js:1:78866)
    at d (https://wiki.seeedstudio.com/assets/js/main.cd7bec86.js:1:153658)
    at _B (https://wiki.seeedstudio.com/assets/js/main.cd7bec86.js:1:131468)
    at _y (https://wiki.seeedstudio.com/assets/js/main.cd7bec86.js:1:126535)
    at w (https://wiki.seeedstudio.com/assets/js/main.cd7bec86.js:1:204618)
    at MessagePort.I (https://wiki.seeedstudio.com/assets/js/main.cd7bec86.js:1:205139) {componentStack: 
    at p (https://wiki.seeedstudio.com/assets/js/…edstudio.com/assets/js/main.cd7bec86.js:1:169802), digest: null} @ https://wiki.seeedstudio.com/assets/js/main.cd7bec86.js:26
[     913ms] [ERROR] Docusaurus React Root onRecoverableError: Error: Minified React error #418; visit https://reactjs.org/docs/error-decoder.html?invariant=418 for the full message or use the non-minified dev environment for full errors and additional helpful warnings.
    at ih (https://wiki.seeedstudio.com/assets/js/main.cd7bec86.js:1:78866)
    at d (https://wiki.seeedstudio.com/assets/js/main.cd7bec86.js:1:153481)
    at _B (https://wiki.seeedstudio.com/assets/js/main.cd7bec86.js:1:131468)
    at _y (https://wiki.seeedstudio.com/assets/js/main.cd7bec86.js:1:126535)
    at w (https://wiki.seeedstudio.com/assets/js/main.cd7bec86.js:1:204618)
    at MessagePort.I (https://wiki.seeedstudio.com/assets/js/main.cd7bec86.js:1:205139) {componentStack: 
    at h3
    at s (https://wiki.seeedstudio.com/…edstudio.com/assets/js/main.cd7bec86.js:1:169802), digest: null} @ https://wiki.seeedstudio.com/assets/js/main.cd7bec86.js:26
[     913ms] [ERROR] Docusaurus React Root onRecoverableError: Error: Minified React error #418; visit https://reactjs.org/docs/error-decoder.html?invariant=418 for the full message or use the non-minified dev environment for full errors and additional helpful warnings.
    at ih (https://wiki.seeedstudio.com/assets/js/main.cd7bec86.js:1:78866)
    at d (https://wiki.seeedstudio.com/assets/js/main.cd7bec86.js:1:153658)
    at _B (https://wiki.seeedstudio.com/assets/js/main.cd7bec86.js:1:131468)
    at _y (https://wiki.seeedstudio.com/assets/js/main.cd7bec86.js:1:126535)
    at w (https://wiki.seeedstudio.com/assets/js/main.cd7bec86.js:1:204618)
    at MessagePort.I (https://wiki.seeedstudio.com/assets/js/main.cd7bec86.js:1:205139) {componentStack: 
    at p (https://wiki.seeedstudio.com/assets/js/…edstudio.com/assets/js/main.cd7bec86.js:1:169802), digest: null} @ https://wiki.seeedstudio.com/assets/js/main.cd7bec86.js:26
[     913ms] [ERROR] Docusaurus React Root onRecoverableError: Error: Minified React error #418; visit https://reactjs.org/docs/error-decoder.html?invariant=418 for the full message or use the non-minified dev environment for full errors and additional helpful warnings.
    at ih (https://wiki.seeedstudio.com/assets/js/main.cd7bec86.js:1:78866)
    at d (https://wiki.seeedstudio.com/assets/js/main.cd7bec86.js:1:153481)
    at _B (https://wiki.seeedstudio.com/assets/js/main.cd7bec86.js:1:131468)
    at _y (https://wiki.seeedstudio.com/assets/js/main.cd7bec86.js:1:126535)
    at w (https://wiki.seeedstudio.com/assets/js/main.cd7bec86.js:1:204618)
    at MessagePort.I (https://wiki.seeedstudio.com/assets/js/main.cd7bec86.js:1:205139) {componentStack: 
    at p
    at p (https://wiki.seeedstudio.com/a…edstudio.com/assets/js/main.cd7bec86.js:1:169802), digest: null} @ https://wiki.seeedstudio.com/assets/js/main.cd7bec86.js:26
[     913ms] [ERROR] Docusaurus React Root onRecoverableError: Error: Minified React error #418; visit https://reactjs.org/docs/error-decoder.html?invariant=418 for the full message or use the non-minified dev environment for full errors and additional helpful warnings.
    at ih (https://wiki.seeedstudio.com/assets/js/main.cd7bec86.js:1:78866)
    at d (https://wiki.seeedstudio.com/assets/js/main.cd7bec86.js:1:153658)
    at _B (https://wiki.seeedstudio.com/assets/js/main.cd7bec86.js:1:131468)
    at _y (https://wiki.seeedstudio.com/assets/js/main.cd7bec86.js:1:126535)
    at w (https://wiki.seeedstudio.com/assets/js/main.cd7bec86.js:1:204618)
    at MessagePort.I (https://wiki.seeedstudio.com/assets/js/main.cd7bec86.js:1:205139) {componentStack: 
    at p (https://wiki.seeedstudio.com/assets/js/…edstudio.com/assets/js/main.cd7bec86.js:1:169802), digest: null} @ https://wiki.seeedstudio.com/assets/js/main.cd7bec86.js:26
[     913ms] [ERROR] Docusaurus React Root onRecoverableError: Error: Minified React error #418; visit https://reactjs.org/docs/error-decoder.html?invariant=418 for the full message or use the non-minified dev environment for full errors and additional helpful warnings.
    at ih (https://wiki.seeedstudio.com/assets/js/main.cd7bec86.js:1:78866)
    at d (https://wiki.seeedstudio.com/assets/js/main.cd7bec86.js:1:153481)
    at _B (https://wiki.seeedstudio.com/assets/js/main.cd7bec86.js:1:131468)
    at _y (https://wiki.seeedstudio.com/assets/js/main.cd7bec86.js:1:126535)
    at w (https://wiki.seeedstudio.com/assets/js/main.cd7bec86.js:1:204618)
    at MessagePort.I (https://wiki.seeedstudio.com/assets/js/main.cd7bec86.js:1:205139) {componentStack: 
    at p
    at p (https://wiki.seeedstudio.com/a…edstudio.com/assets/js/main.cd7bec86.js:1:169802), digest: null} @ https://wiki.seeedstudio.com/assets/js/main.cd7bec86.js:26
[     913ms] [ERROR] Docusaurus React Root onRecoverableError: Error: Minified React error #418; visit https://reactjs.org/docs/error-decoder.html?invariant=418 for the full message or use the non-minified dev environment for full errors and additional helpful warnings.
    at ih (https://wiki.seeedstudio.com/assets/js/main.cd7bec86.js:1:78866)
    at d (https://wiki.seeedstudio.com/assets/js/main.cd7bec86.js:1:153658)
    at _B (https://wiki.seeedstudio.com/assets/js/main.cd7bec86.js:1:131468)
    at _y (https://wiki.seeedstudio.com/assets/js/main.cd7bec86.js:1:126535)
    at w (https://wiki.seeedstudio.com/assets/js/main.cd7bec86.js:1:204618)
    at MessagePort.I (https://wiki.seeedstudio.com/assets/js/main.cd7bec86.js:1:205139) {componentStack: 
    at p (https://wiki.seeedstudio.com/assets/js/…edstudio.com/assets/js/main.cd7bec86.js:1:169802), digest: null} @ https://wiki.seeedstudio.com/assets/js/main.cd7bec86.js:26
[     914ms] [ERROR] Docusaurus React Root onRecoverableError: Error: Minified React error #418; visit https://reactjs.org/docs/error-decoder.html?invariant=418 for the full message or use the non-minified dev environment for full errors and additional helpful warnings.
    at ih (https://wiki.seeedstudio.com/assets/js/main.cd7bec86.js:1:78866)
    at d (https://wiki.seeedstudio.com/assets/js/main.cd7bec86.js:1:153481)
    at _B (https://wiki.seeedstudio.com/assets/js/main.cd7bec86.js:1:131468)
    at _y (https://wiki.seeedstudio.com/assets/js/main.cd7bec86.js:1:126535)
    at w (https://wiki.seeedstudio.com/assets/js/main.cd7bec86.js:1:204618)
    at MessagePort.I (https://wiki.seeedstudio.com/assets/js/main.cd7bec86.js:1:205139) {componentStack: 
    at ul
    at ul (https://wiki.seeedstudio.com…edstudio.com/assets/js/main.cd7bec86.js:1:169802), digest: null} @ https://wiki.seeedstudio.com/assets/js/main.cd7bec86.js:26
[     914ms] [ERROR] Docusaurus React Root onRecoverableError: Error: Minified React error #418; visit https://reactjs.org/docs/error-decoder.html?invariant=418 for the full message or use the non-minified dev environment for full errors and additional helpful warnings.
    at ih (https://wiki.seeedstudio.com/assets/js/main.cd7bec86.js:1:78866)
    at d (https://wiki.seeedstudio.com/assets/js/main.cd7bec86.js:1:153658)
    at _B (https://wiki.seeedstudio.com/assets/js/main.cd7bec86.js:1:131468)
    at _y (https://wiki.seeedstudio.com/assets/js/main.cd7bec86.js:1:126535)
    at w (https://wiki.seeedstudio.com/assets/js/main.cd7bec86.js:1:204618)
    at MessagePort.I (https://wiki.seeedstudio.com/assets/js/main.cd7bec86.js:1:205139) {componentStack: 
    at p (https://wiki.seeedstudio.com/assets/js/…edstudio.com/assets/js/main.cd7bec86.js:1:169802), digest: null} @ https://wiki.seeedstudio.com/assets/js/main.cd7bec86.js:26
[     914ms] [ERROR] Docusaurus React Root onRecoverableError: Error: Minified React error #418; visit https://reactjs.org/docs/error-decoder.html?invariant=418 for the full message or use the non-minified dev environment for full errors and additional helpful warnings.
    at ih (https://wiki.seeedstudio.com/assets/js/main.cd7bec86.js:1:78866)
    at d (https://wiki.seeedstudio.com/assets/js/main.cd7bec86.js:1:153481)
    at _B (https://wiki.seeedstudio.com/assets/js/main.cd7bec86.js:1:131468)
    at _y (https://wiki.seeedstudio.com/assets/js/main.cd7bec86.js:1:126535)
    at w (https://wiki.seeedstudio.com/assets/js/main.cd7bec86.js:1:204618)
    at MessagePort.I (https://wiki.seeedstudio.com/assets/js/main.cd7bec86.js:1:205139) {componentStack: 
    at div
    at i (https://wiki.seeedstudio.com…edstudio.com/assets/js/main.cd7bec86.js:1:169802), digest: null} @ https://wiki.seeedstudio.com/assets/js/main.cd7bec86.js:26
[     914ms] [ERROR] Docusaurus React Root onRecoverableError: Error: Minified React error #418; visit https://reactjs.org/docs/error-decoder.html?invariant=418 for the full message or use the non-minified dev environment for full errors and additional helpful warnings.
    at ih (https://wiki.seeedstudio.com/assets/js/main.cd7bec86.js:1:78866)
    at d (https://wiki.seeedstudio.com/assets/js/main.cd7bec86.js:1:153658)
    at _B (https://wiki.seeedstudio.com/assets/js/main.cd7bec86.js:1:131468)
    at _y (https://wiki.seeedstudio.com/assets/js/main.cd7bec86.js:1:126535)
    at w (https://wiki.seeedstudio.com/assets/js/main.cd7bec86.js:1:204618)
    at MessagePort.I (https://wiki.seeedstudio.com/assets/js/main.cd7bec86.js:1:205139) {componentStack: 
    at p (https://wiki.seeedstudio.com/assets/js/…edstudio.com/assets/js/main.cd7bec86.js:1:169802), digest: null} @ https://wiki.seeedstudio.com/assets/js/main.cd7bec86.js:26
[     914ms] [ERROR] Docusaurus React Root onRecoverableError: Error: Minified React error #418; visit https://reactjs.org/docs/error-decoder.html?invariant=418 for the full message or use the non-minified dev environment for full errors and additional helpful warnings.
    at ih (https://wiki.seeedstudio.com/assets/js/main.cd7bec86.js:1:78866)
    at d (https://wiki.seeedstudio.com/assets/js/main.cd7bec86.js:1:153481)
    at _B (https://wiki.seeedstudio.com/assets/js/main.cd7bec86.js:1:131468)
    at _y (https://wiki.seeedstudio.com/assets/js/main.cd7bec86.js:1:126535)
    at w (https://wiki.seeedstudio.com/assets/js/main.cd7bec86.js:1:204618)
    at MessagePort.I (https://wiki.seeedstudio.com/assets/js/main.cd7bec86.js:1:205139) {componentStack: 
    at p
    at p (https://wiki.seeedstudio.com/a…edstudio.com/assets/js/main.cd7bec86.js:1:169802), digest: null} @ https://wiki.seeedstudio.com/assets/js/main.cd7bec86.js:26
[     914ms] [ERROR] Docusaurus React Root onRecoverableError: Error: Minified React error #418; visit https://reactjs.org/docs/error-decoder.html?invariant=418 for the full message or use the non-minified dev environment for full errors and additional helpful warnings.
    at ih (https://wiki.seeedstudio.com/assets/js/main.cd7bec86.js:1:78866)
    at d (https://wiki.seeedstudio.com/assets/js/main.cd7bec86.js:1:153658)
    at _B (https://wiki.seeedstudio.com/assets/js/main.cd7bec86.js:1:131468)
    at _y (https://wiki.seeedstudio.com/assets/js/main.cd7bec86.js:1:126535)
    at w (https://wiki.seeedstudio.com/assets/js/main.cd7bec86.js:1:204618)
    at MessagePort.I (https://wiki.seeedstudio.com/assets/js/main.cd7bec86.js:1:205139) {componentStack: 
    at p (https://wiki.seeedstudio.com/assets/js/…edstudio.com/assets/js/main.cd7bec86.js:1:169802), digest: null} @ https://wiki.seeedstudio.com/assets/js/main.cd7bec86.js:26
[     914ms] [ERROR] Docusaurus React Root onRecoverableError: Error: Minified React error #418; visit https://reactjs.org/docs/error-decoder.html?invariant=418 for the full message or use the non-minified dev environment for full errors and additional helpful warnings.
    at ih (https://wiki.seeedstudio.com/assets/js/main.cd7bec86.js:1:78866)
    at d (https://wiki.seeedstudio.com/assets/js/main.cd7bec86.js:1:153481)
    at _B (https://wiki.seeedstudio.com/assets/js/main.cd7bec86.js:1:131468)
    at _y (https://wiki.seeedstudio.com/assets/js/main.cd7bec86.js:1:126535)
    at w (https://wiki.seeedstudio.com/assets/js/main.cd7bec86.js:1:204618)
    at MessagePort.I (https://wiki.seeedstudio.com/assets/js/main.cd7bec86.js:1:205139) {componentStack: 
    at p
    at p (https://wiki.seeedstudio.com/a…edstudio.com/assets/js/main.cd7bec86.js:1:169802), digest: null} @ https://wiki.seeedstudio.com/assets/js/main.cd7bec86.js:26
[     914ms] [ERROR] Docusaurus React Root onRecoverableError: Error: Minified React error #418; visit https://reactjs.org/docs/error-decoder.html?invariant=418 for the full message or use the non-minified dev environment for full errors and additional helpful warnings.
    at ih (https://wiki.seeedstudio.com/assets/js/main.cd7bec86.js:1:78866)
    at d (https://wiki.seeedstudio.com/assets/js/main.cd7bec86.js:1:153658)
    at _B (https://wiki.seeedstudio.com/assets/js/main.cd7bec86.js:1:131468)
    at _y (https://wiki.seeedstudio.com/assets/js/main.cd7bec86.js:1:126535)
    at w (https://wiki.seeedstudio.com/assets/js/main.cd7bec86.js:1:204618)
    at MessagePort.I (https://wiki.seeedstudio.com/assets/js/main.cd7bec86.js:1:205139) {componentStack: 
    at p (https://wiki.seeedstudio.com/assets/js/…edstudio.com/assets/js/main.cd7bec86.js:1:169802), digest: null} @ https://wiki.seeedstudio.com/assets/js/main.cd7bec86.js:26
[     914ms] [ERROR] Docusaurus React Root onRecoverableError: Error: Minified React error #418; visit https://reactjs.org/docs/error-decoder.html?invariant=418 for the full message or use the non-minified dev environment for full errors and additional helpful warnings.
    at ih (https://wiki.seeedstudio.com/assets/js/main.cd7bec86.js:1:78866)
    at d (https://wiki.seeedstudio.com/assets/js/main.cd7bec86.js:1:153481)
    at _B (https://wiki.seeedstudio.com/assets/js/main.cd7bec86.js:1:131468)
    at _y (https://wiki.seeedstudio.com/assets/js/main.cd7bec86.js:1:126535)
    at w (https://wiki.seeedstudio.com/assets/js/main.cd7bec86.js:1:204618)
    at MessagePort.I (https://wiki.seeedstudio.com/assets/js/main.cd7bec86.js:1:205139) {componentStack: 
    at div
    at f (https://wiki.seeedstudio.com…edstudio.com/assets/js/main.cd7bec86.js:1:169802), digest: null} @ https://wiki.seeedstudio.com/assets/js/main.cd7bec86.js:26
[     914ms] [ERROR] Docusaurus React Root onRecoverableError: Error: Minified React error #418; visit https://reactjs.org/docs/error-decoder.html?invariant=418 for the full message or use the non-minified dev environment for full errors and additional helpful warnings.
    at ih (https://wiki.seeedstudio.com/assets/js/main.cd7bec86.js:1:78866)
    at d (https://wiki.seeedstudio.com/assets/js/main.cd7bec86.js:1:153658)
    at _B (https://wiki.seeedstudio.com/assets/js/main.cd7bec86.js:1:131468)
    at _y (https://wiki.seeedstudio.com/assets/js/main.cd7bec86.js:1:126535)
    at w (https://wiki.seeedstudio.com/assets/js/main.cd7bec86.js:1:204618)
    at MessagePort.I (https://wiki.seeedstudio.com/assets/js/main.cd7bec86.js:1:205139) {componentStack: 
    at p (https://wiki.seeedstudio.com/assets/js/…edstudio.com/assets/js/main.cd7bec86.js:1:169802), digest: null} @ https://wiki.seeedstudio.com/assets/js/main.cd7bec86.js:26
[     914ms] [ERROR] Docusaurus React Root onRecoverableError: Error: Minified React error #418; visit https://reactjs.org/docs/error-decoder.html?invariant=418 for the full message or use the non-minified dev environment for full errors and additional helpful warnings.
    at ih (https://wiki.seeedstudio.com/assets/js/main.cd7bec86.js:1:78866)
    at d (https://wiki.seeedstudio.com/assets/js/main.cd7bec86.js:1:153481)
    at _B (https://wiki.seeedstudio.com/assets/js/main.cd7bec86.js:1:131468)
    at _y (https://wiki.seeedstudio.com/assets/js/main.cd7bec86.js:1:126535)
    at w (https://wiki.seeedstudio.com/assets/js/main.cd7bec86.js:1:204618)
    at MessagePort.I (https://wiki.seeedstudio.com/assets/js/main.cd7bec86.js:1:205139) {componentStack: 
    at p
    at p (https://wiki.seeedstudio.com/a…edstudio.com/assets/js/main.cd7bec86.js:1:169802), digest: null} @ https://wiki.seeedstudio.com/assets/js/main.cd7bec86.js:26
[     914ms] [ERROR] Docusaurus React Root onRecoverableError: Error: Minified React error #418; visit https://reactjs.org/docs/error-decoder.html?invariant=418 for the full message or use the non-minified dev environment for full errors and additional helpful warnings.
    at ih (https://wiki.seeedstudio.com/assets/js/main.cd7bec86.js:1:78866)
    at d (https://wiki.seeedstudio.com/assets/js/main.cd7bec86.js:1:153658)
    at _B (https://wiki.seeedstudio.com/assets/js/main.cd7bec86.js:1:131468)
    at _y (https://wiki.seeedstudio.com/assets/js/main.cd7bec86.js:1:126535)
    at w (https://wiki.seeedstudio.com/assets/js/main.cd7bec86.js:1:204618)
    at MessagePort.I (https://wiki.seeedstudio.com/assets/js/main.cd7bec86.js:1:205139) {componentStack: 
    at p (https://wiki.seeedstudio.com/assets/js/…edstudio.com/assets/js/main.cd7bec86.js:1:169802), digest: null} @ https://wiki.seeedstudio.com/assets/js/main.cd7bec86.js:26
[     914ms] [ERROR] Docusaurus React Root onRecoverableError: Error: Minified React error #418; visit https://reactjs.org/docs/error-decoder.html?invariant=418 for the full message or use the non-minified dev environment for full errors and additional helpful warnings.
    at ih (https://wiki.seeedstudio.com/assets/js/main.cd7bec86.js:1:78866)
    at d (https://wiki.seeedstudio.com/assets/js/main.cd7bec86.js:1:153481)
    at _B (https://wiki.seeedstudio.com/assets/js/main.cd7bec86.js:1:131468)
    at _y (https://wiki.seeedstudio.com/assets/js/main.cd7bec86.js:1:126535)
    at w (https://wiki.seeedstudio.com/assets/js/main.cd7bec86.js:1:204618)
    at MessagePort.I (https://wiki.seeedstudio.com/assets/js/main.cd7bec86.js:1:205139) {componentStack: 
    at ul
    at ul (https://wiki.seeedstudio.com…edstudio.com/assets/js/main.cd7bec86.js:1:169802), digest: null} @ https://wiki.seeedstudio.com/assets/js/main.cd7bec86.js:26
[     915ms] [ERROR] Docusaurus React Root onRecoverableError: Error: Minified React error #418; visit https://reactjs.org/docs/error-decoder.html?invariant=418 for the full message or use the non-minified dev environment for full errors and additional helpful warnings.
    at ih (https://wiki.seeedstudio.com/assets/js/main.cd7bec86.js:1:78866)
    at d (https://wiki.seeedstudio.com/assets/js/main.cd7bec86.js:1:153658)
    at _B (https://wiki.seeedstudio.com/assets/js/main.cd7bec86.js:1:131468)
    at _y (https://wiki.seeedstudio.com/assets/js/main.cd7bec86.js:1:126535)
    at w (https://wiki.seeedstudio.com/assets/js/main.cd7bec86.js:1:204618)
    at MessagePort.I (https://wiki.seeedstudio.com/assets/js/main.cd7bec86.js:1:205139) {componentStack: 
    at p (https://wiki.seeedstudio.com/assets/js/…edstudio.com/assets/js/main.cd7bec86.js:1:169802), digest: null} @ https://wiki.seeedstudio.com/assets/js/main.cd7bec86.js:26
[     915ms] [ERROR] Docusaurus React Root onRecoverableError: Error: Minified React error #418; visit https://reactjs.org/docs/error-decoder.html?invariant=418 for the full message or use the non-minified dev environment for full errors and additional helpful warnings.
    at ih (https://wiki.seeedstudio.com/assets/js/main.cd7bec86.js:1:78866)
    at d (https://wiki.seeedstudio.com/assets/js/main.cd7bec86.js:1:153481)
    at _B (https://wiki.seeedstudio.com/assets/js/main.cd7bec86.js:1:131468)
    at _y (https://wiki.seeedstudio.com/assets/js/main.cd7bec86.js:1:126535)
    at w (https://wiki.seeedstudio.com/assets/js/main.cd7bec86.js:1:204618)
    at MessagePort.I (https://wiki.seeedstudio.com/assets/js/main.cd7bec86.js:1:205139) {componentStack: 
    at h3
    at s (https://wiki.seeedstudio.com/…edstudio.com/assets/js/main.cd7bec86.js:1:169802), digest: null} @ https://wiki.seeedstudio.com/assets/js/main.cd7bec86.js:26
[     915ms] [ERROR] Docusaurus React Root onRecoverableError: Error: Minified React error #418; visit https://reactjs.org/docs/error-decoder.html?invariant=418 for the full message or use the non-minified dev environment for full errors and additional helpful warnings.
    at ih (https://wiki.seeedstudio.com/assets/js/main.cd7bec86.js:1:78866)
    at d (https://wiki.seeedstudio.com/assets/js/main.cd7bec86.js:1:153658)
    at _B (https://wiki.seeedstudio.com/assets/js/main.cd7bec86.js:1:131468)
    at _y (https://wiki.seeedstudio.com/assets/js/main.cd7bec86.js:1:126535)
    at w (https://wiki.seeedstudio.com/assets/js/main.cd7bec86.js:1:204618)
    at MessagePort.I (https://wiki.seeedstudio.com/assets/js/main.cd7bec86.js:1:205139) {componentStack: 
    at p (https://wiki.seeedstudio.com/assets/js/…edstudio.com/assets/js/main.cd7bec86.js:1:169802), digest: null} @ https://wiki.seeedstudio.com/assets/js/main.cd7bec86.js:26
[     915ms] [ERROR] Docusaurus React Root onRecoverableError: Error: Minified React error #418; visit https://reactjs.org/docs/error-decoder.html?invariant=418 for the full message or use the non-minified dev environment for full errors and additional helpful warnings.
    at ih (https://wiki.seeedstudio.com/assets/js/main.cd7bec86.js:1:78866)
    at d (https://wiki.seeedstudio.com/assets/js/main.cd7bec86.js:1:153481)
    at _B (https://wiki.seeedstudio.com/assets/js/main.cd7bec86.js:1:131468)
    at _y (https://wiki.seeedstudio.com/assets/js/main.cd7bec86.js:1:126535)
    at w (https://wiki.seeedstudio.com/assets/js/main.cd7bec86.js:1:204618)
    at MessagePort.I (https://wiki.seeedstudio.com/assets/js/main.cd7bec86.js:1:205139) {componentStack: 
    at div
    at i (https://wiki.seeedstudio.com…edstudio.com/assets/js/main.cd7bec86.js:1:169802), digest: null} @ https://wiki.seeedstudio.com/assets/js/main.cd7bec86.js:26
[     915ms] [ERROR] Docusaurus React Root onRecoverableError: Error: Minified React error #418; visit https://reactjs.org/docs/error-decoder.html?invariant=418 for the full message or use the non-minified dev environment for full errors and additional helpful warnings.
    at ih (https://wiki.seeedstudio.com/assets/js/main.cd7bec86.js:1:78866)
    at d (https://wiki.seeedstudio.com/assets/js/main.cd7bec86.js:1:153658)
    at _B (https://wiki.seeedstudio.com/assets/js/main.cd7bec86.js:1:131468)
    at _y (https://wiki.seeedstudio.com/assets/js/main.cd7bec86.js:1:126535)
    at w (https://wiki.seeedstudio.com/assets/js/main.cd7bec86.js:1:204618)
    at MessagePort.I (https://wiki.seeedstudio.com/assets/js/main.cd7bec86.js:1:205139) {componentStack: 
    at p (https://wiki.seeedstudio.com/assets/js/…edstudio.com/assets/js/main.cd7bec86.js:1:169802), digest: null} @ https://wiki.seeedstudio.com/assets/js/main.cd7bec86.js:26
[     915ms] [ERROR] Docusaurus React Root onRecoverableError: Error: Minified React error #418; visit https://reactjs.org/docs/error-decoder.html?invariant=418 for the full message or use the non-minified dev environment for full errors and additional helpful warnings.
    at ih (https://wiki.seeedstudio.com/assets/js/main.cd7bec86.js:1:78866)
    at d (https://wiki.seeedstudio.com/assets/js/main.cd7bec86.js:1:153481)
    at _B (https://wiki.seeedstudio.com/assets/js/main.cd7bec86.js:1:131468)
    at _y (https://wiki.seeedstudio.com/assets/js/main.cd7bec86.js:1:126535)
    at w (https://wiki.seeedstudio.com/assets/js/main.cd7bec86.js:1:204618)
    at MessagePort.I (https://wiki.seeedstudio.com/assets/js/main.cd7bec86.js:1:205139) {componentStack: 
    at p
    at p (https://wiki.seeedstudio.com/a…edstudio.com/assets/js/main.cd7bec86.js:1:169802), digest: null} @ https://wiki.seeedstudio.com/assets/js/main.cd7bec86.js:26
[     915ms] [ERROR] Docusaurus React Root onRecoverableError: Error: Minified React error #418; visit https://reactjs.org/docs/error-decoder.html?invariant=418 for the full message or use the non-minified dev environment for full errors and additional helpful warnings.
    at ih (https://wiki.seeedstudio.com/assets/js/main.cd7bec86.js:1:78866)
    at d (https://wiki.seeedstudio.com/assets/js/main.cd7bec86.js:1:153658)
    at _B (https://wiki.seeedstudio.com/assets/js/main.cd7bec86.js:1:131468)
    at _y (https://wiki.seeedstudio.com/assets/js/main.cd7bec86.js:1:126535)
    at w (https://wiki.seeedstudio.com/assets/js/main.cd7bec86.js:1:204618)
    at MessagePort.I (https://wiki.seeedstudio.com/assets/js/main.cd7bec86.js:1:205139) {componentStack: 
    at p (https://wiki.seeedstudio.com/assets/js/…edstudio.com/assets/js/main.cd7bec86.js:1:169802), digest: null} @ https://wiki.seeedstudio.com/assets/js/main.cd7bec86.js:26
[     915ms] [ERROR] Docusaurus React Root onRecoverableError: Error: Minified React error #418; visit https://reactjs.org/docs/error-decoder.html?invariant=418 for the full message or use the non-minified dev environment for full errors and additional helpful warnings.
    at ih (https://wiki.seeedstudio.com/assets/js/main.cd7bec86.js:1:78866)
    at d (https://wiki.seeedstudio.com/assets/js/main.cd7bec86.js:1:153481)
    at _B (https://wiki.seeedstudio.com/assets/js/main.cd7bec86.js:1:131468)
    at _y (https://wiki.seeedstudio.com/assets/js/main.cd7bec86.js:1:126535)
    at w (https://wiki.seeedstudio.com/assets/js/main.cd7bec86.js:1:204618)
    at MessagePort.I (https://wiki.seeedstudio.com/assets/js/main.cd7bec86.js:1:205139) {componentStack: 
    at ol
    at p (https://wiki.seeedstudio.com/…edstudio.com/assets/js/main.cd7bec86.js:1:169802), digest: null} @ https://wiki.seeedstudio.com/assets/js/main.cd7bec86.js:26
[     915ms] [ERROR] Docusaurus React Root onRecoverableError: Error: Minified React error #418; visit https://reactjs.org/docs/error-decoder.html?invariant=418 for the full message or use the non-minified dev environment for full errors and additional helpful warnings.
    at ih (https://wiki.seeedstudio.com/assets/js/main.cd7bec86.js:1:78866)
    at d (https://wiki.seeedstudio.com/assets/js/main.cd7bec86.js:1:153658)
    at _B (https://wiki.seeedstudio.com/assets/js/main.cd7bec86.js:1:131468)
    at _y (https://wiki.seeedstudio.com/assets/js/main.cd7bec86.js:1:126535)
    at w (https://wiki.seeedstudio.com/assets/js/main.cd7bec86.js:1:204618)
    at MessagePort.I (https://wiki.seeedstudio.com/assets/js/main.cd7bec86.js:1:205139) {componentStack: 
    at p (https://wiki.seeedstudio.com/assets/js/…edstudio.com/assets/js/main.cd7bec86.js:1:169802), digest: null} @ https://wiki.seeedstudio.com/assets/js/main.cd7bec86.js:26
[     915ms] [ERROR] Docusaurus React Root onRecoverableError: Error: Minified React error #418; visit https://reactjs.org/docs/error-decoder.html?invariant=418 for the full message or use the non-minified dev environment for full errors and additional helpful warnings.
    at ih (https://wiki.seeedstudio.com/assets/js/main.cd7bec86.js:1:78866)
    at d (https://wiki.seeedstudio.com/assets/js/main.cd7bec86.js:1:153481)
    at _B (https://wiki.seeedstudio.com/assets/js/main.cd7bec86.js:1:131468)
    at _y (https://wiki.seeedstudio.com/assets/js/main.cd7bec86.js:1:126535)
    at w (https://wiki.seeedstudio.com/assets/js/main.cd7bec86.js:1:204618)
    at MessagePort.I (https://wiki.seeedstudio.com/assets/js/main.cd7bec86.js:1:205139) {componentStack: 
    at p
    at p (https://wiki.seeedstudio.com/a…edstudio.com/assets/js/main.cd7bec86.js:1:169802), digest: null} @ https://wiki.seeedstudio.com/assets/js/main.cd7bec86.js:26
[     915ms] [ERROR] Docusaurus React Root onRecoverableError: Error: Minified React error #418; visit https://reactjs.org/docs/error-decoder.html?invariant=418 for the full message or use the non-minified dev environment for full errors and additional helpful warnings.
    at ih (https://wiki.seeedstudio.com/assets/js/main.cd7bec86.js:1:78866)
    at d (https://wiki.seeedstudio.com/assets/js/main.cd7bec86.js:1:153658)
    at _B (https://wiki.seeedstudio.com/assets/js/main.cd7bec86.js:1:131468)
    at _y (https://wiki.seeedstudio.com/assets/js/main.cd7bec86.js:1:126535)
    at w (https://wiki.seeedstudio.com/assets/js/main.cd7bec86.js:1:204618)
    at MessagePort.I (https://wiki.seeedstudio.com/assets/js/main.cd7bec86.js:1:205139) {componentStack: 
    at p (https://wiki.seeedstudio.com/assets/js/…edstudio.com/assets/js/main.cd7bec86.js:1:169802), digest: null} @ https://wiki.seeedstudio.com/assets/js/main.cd7bec86.js:26
[     915ms] [ERROR] Docusaurus React Root onRecoverableError: Error: Minified React error #418; visit https://reactjs.org/docs/error-decoder.html?invariant=418 for the full message or use the non-minified dev environment for full errors and additional helpful warnings.
    at ih (https://wiki.seeedstudio.com/assets/js/main.cd7bec86.js:1:78866)
    at d (https://wiki.seeedstudio.com/assets/js/main.cd7bec86.js:1:153481)
    at _B (https://wiki.seeedstudio.com/assets/js/main.cd7bec86.js:1:131468)
    at _y (https://wiki.seeedstudio.com/assets/js/main.cd7bec86.js:1:126535)
    at w (https://wiki.seeedstudio.com/assets/js/main.cd7bec86.js:1:204618)
    at MessagePort.I (https://wiki.seeedstudio.com/assets/js/main.cd7bec86.js:1:205139) {componentStack: 
    at div
    at f (https://wiki.seeedstudio.com…edstudio.com/assets/js/main.cd7bec86.js:1:169802), digest: null} @ https://wiki.seeedstudio.com/assets/js/main.cd7bec86.js:26
[     915ms] [ERROR] Docusaurus React Root onRecoverableError: Error: Minified React error #418; visit https://reactjs.org/docs/error-decoder.html?invariant=418 for the full message or use the non-minified dev environment for full errors and additional helpful warnings.
    at ih (https://wiki.seeedstudio.com/assets/js/main.cd7bec86.js:1:78866)
    at d (https://wiki.seeedstudio.com/assets/js/main.cd7bec86.js:1:153658)
    at _B (https://wiki.seeedstudio.com/assets/js/main.cd7bec86.js:1:131468)
    at _y (https://wiki.seeedstudio.com/assets/js/main.cd7bec86.js:1:126535)
    at w (https://wiki.seeedstudio.com/assets/js/main.cd7bec86.js:1:204618)
    at MessagePort.I (https://wiki.seeedstudio.com/assets/js/main.cd7bec86.js:1:205139) {componentStack: 
    at p (https://wiki.seeedstudio.com/assets/js/…edstudio.com/assets/js/main.cd7bec86.js:1:169802), digest: null} @ https://wiki.seeedstudio.com/assets/js/main.cd7bec86.js:26
[     915ms] [ERROR] Docusaurus React Root onRecoverableError: Error: Minified React error #418; visit https://reactjs.org/docs/error-decoder.html?invariant=418 for the full message or use the non-minified dev environment for full errors and additional helpful warnings.
    at ih (https://wiki.seeedstudio.com/assets/js/main.cd7bec86.js:1:78866)
    at d (https://wiki.seeedstudio.com/assets/js/main.cd7bec86.js:1:153481)
    at _B (https://wiki.seeedstudio.com/assets/js/main.cd7bec86.js:1:131468)
    at _y (https://wiki.seeedstudio.com/assets/js/main.cd7bec86.js:1:126535)
    at w (https://wiki.seeedstudio.com/assets/js/main.cd7bec86.js:1:204618)
    at MessagePort.I (https://wiki.seeedstudio.com/assets/js/main.cd7bec86.js:1:205139) {componentStack: 
    at p
    at p (https://wiki.seeedstudio.com/a…edstudio.com/assets/js/main.cd7bec86.js:1:169802), digest: null} @ https://wiki.seeedstudio.com/assets/js/main.cd7bec86.js:26
[     915ms] [ERROR] Docusaurus React Root onRecoverableError: Error: Minified React error #418; visit https://reactjs.org/docs/error-decoder.html?invariant=418 for the full message or use the non-minified dev environment for full errors and additional helpful warnings.
    at ih (https://wiki.seeedstudio.com/assets/js/main.cd7bec86.js:1:78866)
    at d (https://wiki.seeedstudio.com/assets/js/main.cd7bec86.js:1:153658)
    at _B (https://wiki.seeedstudio.com/assets/js/main.cd7bec86.js:1:131468)
    at _y (https://wiki.seeedstudio.com/assets/js/main.cd7bec86.js:1:126535)
    at w (https://wiki.seeedstudio.com/assets/js/main.cd7bec86.js:1:204618)
    at MessagePort.I (https://wiki.seeedstudio.com/assets/js/main.cd7bec86.js:1:205139) {componentStack: 
    at p (https://wiki.seeedstudio.com/assets/js/…edstudio.com/assets/js/main.cd7bec86.js:1:169802), digest: null} @ https://wiki.seeedstudio.com/assets/js/main.cd7bec86.js:26
[     916ms] [ERROR] Docusaurus React Root onRecoverableError: Error: Minified React error #418; visit https://reactjs.org/docs/error-decoder.html?invariant=418 for the full message or use the non-minified dev environment for full errors and additional helpful warnings.
    at ih (https://wiki.seeedstudio.com/assets/js/main.cd7bec86.js:1:78866)
    at d (https://wiki.seeedstudio.com/assets/js/main.cd7bec86.js:1:153481)
    at _B (https://wiki.seeedstudio.com/assets/js/main.cd7bec86.js:1:131468)
    at _y (https://wiki.seeedstudio.com/assets/js/main.cd7bec86.js:1:126535)
    at w (https://wiki.seeedstudio.com/assets/js/main.cd7bec86.js:1:204618)
    at MessagePort.I (https://wiki.seeedstudio.com/assets/js/main.cd7bec86.js:1:205139) {componentStack: 
    at h3
    at s (https://wiki.seeedstudio.com/…edstudio.com/assets/js/main.cd7bec86.js:1:169802), digest: null} @ https://wiki.seeedstudio.com/assets/js/main.cd7bec86.js:26
[     916ms] [ERROR] Docusaurus React Root onRecoverableError: Error: Minified React error #418; visit https://reactjs.org/docs/error-decoder.html?invariant=418 for the full message or use the non-minified dev environment for full errors and additional helpful warnings.
    at ih (https://wiki.seeedstudio.com/assets/js/main.cd7bec86.js:1:78866)
    at d (https://wiki.seeedstudio.com/assets/js/main.cd7bec86.js:1:153658)
    at _B (https://wiki.seeedstudio.com/assets/js/main.cd7bec86.js:1:131468)
    at _y (https://wiki.seeedstudio.com/assets/js/main.cd7bec86.js:1:126535)
    at w (https://wiki.seeedstudio.com/assets/js/main.cd7bec86.js:1:204618)
    at MessagePort.I (https://wiki.seeedstudio.com/assets/js/main.cd7bec86.js:1:205139) {componentStack: 
    at p (https://wiki.seeedstudio.com/assets/js/…edstudio.com/assets/js/main.cd7bec86.js:1:169802), digest: null} @ https://wiki.seeedstudio.com/assets/js/main.cd7bec86.js:26
[     916ms] [ERROR] Docusaurus React Root onRecoverableError: Error: Minified React error #418; visit https://reactjs.org/docs/error-decoder.html?invariant=418 for the full message or use the non-minified dev environment for full errors and additional helpful warnings.
    at ih (https://wiki.seeedstudio.com/assets/js/main.cd7bec86.js:1:78866)
    at d (https://wiki.seeedstudio.com/assets/js/main.cd7bec86.js:1:153481)
    at _B (https://wiki.seeedstudio.com/assets/js/main.cd7bec86.js:1:131468)
    at _y (https://wiki.seeedstudio.com/assets/js/main.cd7bec86.js:1:126535)
    at w (https://wiki.seeedstudio.com/assets/js/main.cd7bec86.js:1:204618)
    at MessagePort.I (https://wiki.seeedstudio.com/assets/js/main.cd7bec86.js:1:205139) {componentStack: 
    at p
    at p (https://wiki.seeedstudio.com/a…edstudio.com/assets/js/main.cd7bec86.js:1:169802), digest: null} @ https://wiki.seeedstudio.com/assets/js/main.cd7bec86.js:26
[     916ms] [ERROR] Docusaurus React Root onRecoverableError: Error: Minified React error #418; visit https://reactjs.org/docs/error-decoder.html?invariant=418 for the full message or use the non-minified dev environment for full errors and additional helpful warnings.
    at ih (https://wiki.seeedstudio.com/assets/js/main.cd7bec86.js:1:78866)
    at d (https://wiki.seeedstudio.com/assets/js/main.cd7bec86.js:1:153658)
    at _B (https://wiki.seeedstudio.com/assets/js/main.cd7bec86.js:1:131468)
    at _y (https://wiki.seeedstudio.com/assets/js/main.cd7bec86.js:1:126535)
    at w (https://wiki.seeedstudio.com/assets/js/main.cd7bec86.js:1:204618)
    at MessagePort.I (https://wiki.seeedstudio.com/assets/js/main.cd7bec86.js:1:205139) {componentStack: 
    at p (https://wiki.seeedstudio.com/assets/js/…edstudio.com/assets/js/main.cd7bec86.js:1:169802), digest: null} @ https://wiki.seeedstudio.com/assets/js/main.cd7bec86.js:26
[     916ms] [ERROR] Docusaurus React Root onRecoverableError: Error: Minified React error #418; visit https://reactjs.org/docs/error-decoder.html?invariant=418 for the full message or use the non-minified dev environment for full errors and additional helpful warnings.
    at ih (https://wiki.seeedstudio.com/assets/js/main.cd7bec86.js:1:78866)
    at d (https://wiki.seeedstudio.com/assets/js/main.cd7bec86.js:1:153481)
    at _B (https://wiki.seeedstudio.com/assets/js/main.cd7bec86.js:1:131468)
    at _y (https://wiki.seeedstudio.com/assets/js/main.cd7bec86.js:1:126535)
    at w (https://wiki.seeedstudio.com/assets/js/main.cd7bec86.js:1:204618)
    at MessagePort.I (https://wiki.seeedstudio.com/assets/js/main.cd7bec86.js:1:205139) {componentStack: 
    at div
    at i (https://wiki.seeedstudio.com…edstudio.com/assets/js/main.cd7bec86.js:1:169802), digest: null} @ https://wiki.seeedstudio.com/assets/js/main.cd7bec86.js:26
[     916ms] [ERROR] Docusaurus React Root onRecoverableError: Error: Minified React error #418; visit https://reactjs.org/docs/error-decoder.html?invariant=418 for the full message or use the non-minified dev environment for full errors and additional helpful warnings.
    at ih (https://wiki.seeedstudio.com/assets/js/main.cd7bec86.js:1:78866)
    at d (https://wiki.seeedstudio.com/assets/js/main.cd7bec86.js:1:153658)
    at _B (https://wiki.seeedstudio.com/assets/js/main.cd7bec86.js:1:131468)
    at _y (https://wiki.seeedstudio.com/assets/js/main.cd7bec86.js:1:126535)
    at w (https://wiki.seeedstudio.com/assets/js/main.cd7bec86.js:1:204618)
    at MessagePort.I (https://wiki.seeedstudio.com/assets/js/main.cd7bec86.js:1:205139) {componentStack: 
    at p (https://wiki.seeedstudio.com/assets/js/…edstudio.com/assets/js/main.cd7bec86.js:1:169802), digest: null} @ https://wiki.seeedstudio.com/assets/js/main.cd7bec86.js:26
[     916ms] [ERROR] Docusaurus React Root onRecoverableError: Error: Minified React error #418; visit https://reactjs.org/docs/error-decoder.html?invariant=418 for the full message or use the non-minified dev environment for full errors and additional helpful warnings.
    at ih (https://wiki.seeedstudio.com/assets/js/main.cd7bec86.js:1:78866)
    at d (https://wiki.seeedstudio.com/assets/js/main.cd7bec86.js:1:153481)
    at _B (https://wiki.seeedstudio.com/assets/js/main.cd7bec86.js:1:131468)
    at _y (https://wiki.seeedstudio.com/assets/js/main.cd7bec86.js:1:126535)
    at w (https://wiki.seeedstudio.com/assets/js/main.cd7bec86.js:1:204618)
    at MessagePort.I (https://wiki.seeedstudio.com/assets/js/main.cd7bec86.js:1:205139) {componentStack: 
    at div
    at f (https://wiki.seeedstudio.com…edstudio.com/assets/js/main.cd7bec86.js:1:169802), digest: null} @ https://wiki.seeedstudio.com/assets/js/main.cd7bec86.js:26
[     916ms] [ERROR] Docusaurus React Root onRecoverableError: Error: Minified React error #418; visit https://reactjs.org/docs/error-decoder.html?invariant=418 for the full message or use the non-minified dev environment for full errors and additional helpful warnings.
    at ih (https://wiki.seeedstudio.com/assets/js/main.cd7bec86.js:1:78866)
    at d (https://wiki.seeedstudio.com/assets/js/main.cd7bec86.js:1:153658)
    at _B (https://wiki.seeedstudio.com/assets/js/main.cd7bec86.js:1:131468)
    at _y (https://wiki.seeedstudio.com/assets/js/main.cd7bec86.js:1:126535)
    at w (https://wiki.seeedstudio.com/assets/js/main.cd7bec86.js:1:204618)
    at MessagePort.I (https://wiki.seeedstudio.com/assets/js/main.cd7bec86.js:1:205139) {componentStack: 
    at p (https://wiki.seeedstudio.com/assets/js/…edstudio.com/assets/js/main.cd7bec86.js:1:169802), digest: null} @ https://wiki.seeedstudio.com/assets/js/main.cd7bec86.js:26
[     916ms] [ERROR] Docusaurus React Root onRecoverableError: Error: Minified React error #418; visit https://reactjs.org/docs/error-decoder.html?invariant=418 for the full message or use the non-minified dev environment for full errors and additional helpful warnings.
    at ih (https://wiki.seeedstudio.com/assets/js/main.cd7bec86.js:1:78866)
    at d (https://wiki.seeedstudio.com/assets/js/main.cd7bec86.js:1:153481)
    at _B (https://wiki.seeedstudio.com/assets/js/main.cd7bec86.js:1:131468)
    at _y (https://wiki.seeedstudio.com/assets/js/main.cd7bec86.js:1:126535)
    at w (https://wiki.seeedstudio.com/assets/js/main.cd7bec86.js:1:204618)
    at MessagePort.I (https://wiki.seeedstudio.com/assets/js/main.cd7bec86.js:1:205139) {componentStack: 
    at p
    at p (https://wiki.seeedstudio.com/a…edstudio.com/assets/js/main.cd7bec86.js:1:169802), digest: null} @ https://wiki.seeedstudio.com/assets/js/main.cd7bec86.js:26
[     916ms] [ERROR] Docusaurus React Root onRecoverableError: Error: Minified React error #418; visit https://reactjs.org/docs/error-decoder.html?invariant=418 for the full message or use the non-minified dev environment for full errors and additional helpful warnings.
    at ih (https://wiki.seeedstudio.com/assets/js/main.cd7bec86.js:1:78866)
    at d (https://wiki.seeedstudio.com/assets/js/main.cd7bec86.js:1:153658)
    at _B (https://wiki.seeedstudio.com/assets/js/main.cd7bec86.js:1:131468)
    at _y (https://wiki.seeedstudio.com/assets/js/main.cd7bec86.js:1:126535)
    at w (https://wiki.seeedstudio.com/assets/js/main.cd7bec86.js:1:204618)
    at MessagePort.I (https://wiki.seeedstudio.com/assets/js/main.cd7bec86.js:1:205139) {componentStack: 
    at p (https://wiki.seeedstudio.com/assets/js/…edstudio.com/assets/js/main.cd7bec86.js:1:169802), digest: null} @ https://wiki.seeedstudio.com/assets/js/main.cd7bec86.js:26
[     916ms] [ERROR] Docusaurus React Root onRecoverableError: Error: Minified React error #418; visit https://reactjs.org/docs/error-decoder.html?invariant=418 for the full message or use the non-minified dev environment for full errors and additional helpful warnings.
    at ih (https://wiki.seeedstudio.com/assets/js/main.cd7bec86.js:1:78866)
    at d (https://wiki.seeedstudio.com/assets/js/main.cd7bec86.js:1:153481)
    at _B (https://wiki.seeedstudio.com/assets/js/main.cd7bec86.js:1:131468)
    at _y (https://wiki.seeedstudio.com/assets/js/main.cd7bec86.js:1:126535)
    at w (https://wiki.seeedstudio.com/assets/js/main.cd7bec86.js:1:204618)
    at MessagePort.I (https://wiki.seeedstudio.com/assets/js/main.cd7bec86.js:1:205139) {componentStack: 
    at h3
    at s (https://wiki.seeedstudio.com/…edstudio.com/assets/js/main.cd7bec86.js:1:169802), digest: null} @ https://wiki.seeedstudio.com/assets/js/main.cd7bec86.js:26
[     916ms] [ERROR] Docusaurus React Root onRecoverableError: Error: Minified React error #418; visit https://reactjs.org/docs/error-decoder.html?invariant=418 for the full message or use the non-minified dev environment for full errors and additional helpful warnings.
    at ih (https://wiki.seeedstudio.com/assets/js/main.cd7bec86.js:1:78866)
    at d (https://wiki.seeedstudio.com/assets/js/main.cd7bec86.js:1:153658)
    at _B (https://wiki.seeedstudio.com/assets/js/main.cd7bec86.js:1:131468)
    at _y (https://wiki.seeedstudio.com/assets/js/main.cd7bec86.js:1:126535)
    at w (https://wiki.seeedstudio.com/assets/js/main.cd7bec86.js:1:204618)
    at MessagePort.I (https://wiki.seeedstudio.com/assets/js/main.cd7bec86.js:1:205139) {componentStack: 
    at p (https://wiki.seeedstudio.com/assets/js/…edstudio.com/assets/js/main.cd7bec86.js:1:169802), digest: null} @ https://wiki.seeedstudio.com/assets/js/main.cd7bec86.js:26
[     916ms] [ERROR] Docusaurus React Root onRecoverableError: Error: Minified React error #418; visit https://reactjs.org/docs/error-decoder.html?invariant=418 for the full message or use the non-minified dev environment for full errors and additional helpful warnings.
    at ih (https://wiki.seeedstudio.com/assets/js/main.cd7bec86.js:1:78866)
    at d (https://wiki.seeedstudio.com/assets/js/main.cd7bec86.js:1:153481)
    at _B (https://wiki.seeedstudio.com/assets/js/main.cd7bec86.js:1:131468)
    at _y (https://wiki.seeedstudio.com/assets/js/main.cd7bec86.js:1:126535)
    at w (https://wiki.seeedstudio.com/assets/js/main.cd7bec86.js:1:204618)
    at MessagePort.I (https://wiki.seeedstudio.com/assets/js/main.cd7bec86.js:1:205139) {componentStack: 
    at p
    at p (https://wiki.seeedstudio.com/a…edstudio.com/assets/js/main.cd7bec86.js:1:169802), digest: null} @ https://wiki.seeedstudio.com/assets/js/main.cd7bec86.js:26
[     916ms] [ERROR] Docusaurus React Root onRecoverableError: Error: Minified React error #418; visit https://reactjs.org/docs/error-decoder.html?invariant=418 for the full message or use the non-minified dev environment for full errors and additional helpful warnings.
    at ih (https://wiki.seeedstudio.com/assets/js/main.cd7bec86.js:1:78866)
    at d (https://wiki.seeedstudio.com/assets/js/main.cd7bec86.js:1:153658)
    at _B (https://wiki.seeedstudio.com/assets/js/main.cd7bec86.js:1:131468)
    at _y (https://wiki.seeedstudio.com/assets/js/main.cd7bec86.js:1:126535)
    at w (https://wiki.seeedstudio.com/assets/js/main.cd7bec86.js:1:204618)
    at MessagePort.I (https://wiki.seeedstudio.com/assets/js/main.cd7bec86.js:1:205139) {componentStack: 
    at p (https://wiki.seeedstudio.com/assets/js/…edstudio.com/assets/js/main.cd7bec86.js:1:169802), digest: null} @ https://wiki.seeedstudio.com/assets/js/main.cd7bec86.js:26
[     916ms] [ERROR] Docusaurus React Root onRecoverableError: Error: Minified React error #418; visit https://reactjs.org/docs/error-decoder.html?invariant=418 for the full message or use the non-minified dev environment for full errors and additional helpful warnings.
    at ih (https://wiki.seeedstudio.com/assets/js/main.cd7bec86.js:1:78866)
    at d (https://wiki.seeedstudio.com/assets/js/main.cd7bec86.js:1:153481)
    at _B (https://wiki.seeedstudio.com/assets/js/main.cd7bec86.js:1:131468)
    at _y (https://wiki.seeedstudio.com/assets/js/main.cd7bec86.js:1:126535)
    at w (https://wiki.seeedstudio.com/assets/js/main.cd7bec86.js:1:204618)
    at MessagePort.I (https://wiki.seeedstudio.com/assets/js/main.cd7bec86.js:1:205139) {componentStack: 
    at div
    at k (https://wiki.seeedstudio.com…edstudio.com/assets/js/main.cd7bec86.js:1:169802), digest: null} @ https://wiki.seeedstudio.com/assets/js/main.cd7bec86.js:26
[     917ms] [ERROR] Docusaurus React Root onRecoverableError: Error: Minified React error #418; visit https://reactjs.org/docs/error-decoder.html?invariant=418 for the full message or use the non-minified dev environment for full errors and additional helpful warnings.
    at ih (https://wiki.seeedstudio.com/assets/js/main.cd7bec86.js:1:78866)
    at d (https://wiki.seeedstudio.com/assets/js/main.cd7bec86.js:1:153658)
    at _B (https://wiki.seeedstudio.com/assets/js/main.cd7bec86.js:1:131468)
    at _y (https://wiki.seeedstudio.com/assets/js/main.cd7bec86.js:1:126535)
    at w (https://wiki.seeedstudio.com/assets/js/main.cd7bec86.js:1:204618)
    at MessagePort.I (https://wiki.seeedstudio.com/assets/js/main.cd7bec86.js:1:205139) {componentStack: 
    at p (https://wiki.seeedstudio.com/assets/js/…edstudio.com/assets/js/main.cd7bec86.js:1:169802), digest: null} @ https://wiki.seeedstudio.com/assets/js/main.cd7bec86.js:26
[     917ms] [ERROR] Docusaurus React Root onRecoverableError: Error: Minified React error #418; visit https://reactjs.org/docs/error-decoder.html?invariant=418 for the full message or use the non-minified dev environment for full errors and additional helpful warnings.
    at ih (https://wiki.seeedstudio.com/assets/js/main.cd7bec86.js:1:78866)
    at d (https://wiki.seeedstudio.com/assets/js/main.cd7bec86.js:1:153481)
    at _B (https://wiki.seeedstudio.com/assets/js/main.cd7bec86.js:1:131468)
    at _y (https://wiki.seeedstudio.com/assets/js/main.cd7bec86.js:1:126535)
    at w (https://wiki.seeedstudio.com/assets/js/main.cd7bec86.js:1:204618)
    at MessagePort.I (https://wiki.seeedstudio.com/assets/js/main.cd7bec86.js:1:205139) {componentStack: 
    at div
    at p (https://wiki.seeedstudio.com…edstudio.com/assets/js/main.cd7bec86.js:1:169802), digest: null} @ https://wiki.seeedstudio.com/assets/js/main.cd7bec86.js:26
[     917ms] [ERROR] Docusaurus React Root onRecoverableError: Error: Minified React error #418; visit https://reactjs.org/docs/error-decoder.html?invariant=418 for the full message or use the non-minified dev environment for full errors and additional helpful warnings.
    at ih (https://wiki.seeedstudio.com/assets/js/main.cd7bec86.js:1:78866)
    at d (https://wiki.seeedstudio.com/assets/js/main.cd7bec86.js:1:153658)
    at _B (https://wiki.seeedstudio.com/assets/js/main.cd7bec86.js:1:131468)
    at _y (https://wiki.seeedstudio.com/assets/js/main.cd7bec86.js:1:126535)
    at w (https://wiki.seeedstudio.com/assets/js/main.cd7bec86.js:1:204618)
    at MessagePort.I (https://wiki.seeedstudio.com/assets/js/main.cd7bec86.js:1:205139) {componentStack: 
    at p (https://wiki.seeedstudio.com/assets/js/…edstudio.com/assets/js/main.cd7bec86.js:1:169802), digest: null} @ https://wiki.seeedstudio.com/assets/js/main.cd7bec86.js:26
[     917ms] [ERROR] Docusaurus React Root onRecoverableError: Error: Minified React error #418; visit https://reactjs.org/docs/error-decoder.html?invariant=418 for the full message or use the non-minified dev environment for full errors and additional helpful warnings.
    at ih (https://wiki.seeedstudio.com/assets/js/main.cd7bec86.js:1:78866)
    at d (https://wiki.seeedstudio.com/assets/js/main.cd7bec86.js:1:153481)
    at _B (https://wiki.seeedstudio.com/assets/js/main.cd7bec86.js:1:131468)
    at _y (https://wiki.seeedstudio.com/assets/js/main.cd7bec86.js:1:126535)
    at w (https://wiki.seeedstudio.com/assets/js/main.cd7bec86.js:1:204618)
    at MessagePort.I (https://wiki.seeedstudio.com/assets/js/main.cd7bec86.js:1:205139) {componentStack: 
    at h3
    at s (https://wiki.seeedstudio.com/…edstudio.com/assets/js/main.cd7bec86.js:1:169802), digest: null} @ https://wiki.seeedstudio.com/assets/js/main.cd7bec86.js:26
[     917ms] [ERROR] Docusaurus React Root onRecoverableError: Error: Minified React error #418; visit https://reactjs.org/docs/error-decoder.html?invariant=418 for the full message or use the non-minified dev environment for full errors and additional helpful warnings.
    at ih (https://wiki.seeedstudio.com/assets/js/main.cd7bec86.js:1:78866)
    at d (https://wiki.seeedstudio.com/assets/js/main.cd7bec86.js:1:153658)
    at _B (https://wiki.seeedstudio.com/assets/js/main.cd7bec86.js:1:131468)
    at _y (https://wiki.seeedstudio.com/assets/js/main.cd7bec86.js:1:126535)
    at w (https://wiki.seeedstudio.com/assets/js/main.cd7bec86.js:1:204618)
    at MessagePort.I (https://wiki.seeedstudio.com/assets/js/main.cd7bec86.js:1:205139) {componentStack: 
    at p (https://wiki.seeedstudio.com/assets/js/…edstudio.com/assets/js/main.cd7bec86.js:1:169802), digest: null} @ https://wiki.seeedstudio.com/assets/js/main.cd7bec86.js:26
[     917ms] [ERROR] Docusaurus React Root onRecoverableError: Error: Minified React error #418; visit https://reactjs.org/docs/error-decoder.html?invariant=418 for the full message or use the non-minified dev environment for full errors and additional helpful warnings.
    at ih (https://wiki.seeedstudio.com/assets/js/main.cd7bec86.js:1:78866)
    at d (https://wiki.seeedstudio.com/assets/js/main.cd7bec86.js:1:153481)
    at _B (https://wiki.seeedstudio.com/assets/js/main.cd7bec86.js:1:131468)
    at _y (https://wiki.seeedstudio.com/assets/js/main.cd7bec86.js:1:126535)
    at w (https://wiki.seeedstudio.com/assets/js/main.cd7bec86.js:1:204618)
    at MessagePort.I (https://wiki.seeedstudio.com/assets/js/main.cd7bec86.js:1:205139) {componentStack: 
    at p
    at p (https://wiki.seeedstudio.com/a…edstudio.com/assets/js/main.cd7bec86.js:1:169802), digest: null} @ https://wiki.seeedstudio.com/assets/js/main.cd7bec86.js:26
[     917ms] [ERROR] Docusaurus React Root onRecoverableError: Error: Minified React error #418; visit https://reactjs.org/docs/error-decoder.html?invariant=418 for the full message or use the non-minified dev environment for full errors and additional helpful warnings.
    at ih (https://wiki.seeedstudio.com/assets/js/main.cd7bec86.js:1:78866)
    at d (https://wiki.seeedstudio.com/assets/js/main.cd7bec86.js:1:153658)
    at _B (https://wiki.seeedstudio.com/assets/js/main.cd7bec86.js:1:131468)
    at _y (https://wiki.seeedstudio.com/assets/js/main.cd7bec86.js:1:126535)
    at w (https://wiki.seeedstudio.com/assets/js/main.cd7bec86.js:1:204618)
    at MessagePort.I (https://wiki.seeedstudio.com/assets/js/main.cd7bec86.js:1:205139) {componentStack: 
    at p (https://wiki.seeedstudio.com/assets/js/…edstudio.com/assets/js/main.cd7bec86.js:1:169802), digest: null} @ https://wiki.seeedstudio.com/assets/js/main.cd7bec86.js:26
[     917ms] [ERROR] Docusaurus React Root onRecoverableError: Error: Minified React error #418; visit https://reactjs.org/docs/error-decoder.html?invariant=418 for the full message or use the non-minified dev environment for full errors and additional helpful warnings.
    at ih (https://wiki.seeedstudio.com/assets/js/main.cd7bec86.js:1:78866)
    at d (https://wiki.seeedstudio.com/assets/js/main.cd7bec86.js:1:153481)
    at _B (https://wiki.seeedstudio.com/assets/js/main.cd7bec86.js:1:131468)
    at _y (https://wiki.seeedstudio.com/assets/js/main.cd7bec86.js:1:126535)
    at w (https://wiki.seeedstudio.com/assets/js/main.cd7bec86.js:1:204618)
    at MessagePort.I (https://wiki.seeedstudio.com/assets/js/main.cd7bec86.js:1:205139) {componentStack: 
    at p
    at p (https://wiki.seeedstudio.com/a…edstudio.com/assets/js/main.cd7bec86.js:1:169802), digest: null} @ https://wiki.seeedstudio.com/assets/js/main.cd7bec86.js:26
[     917ms] [ERROR] Docusaurus React Root onRecoverableError: Error: Minified React error #418; visit https://reactjs.org/docs/error-decoder.html?invariant=418 for the full message or use the non-minified dev environment for full errors and additional helpful warnings.
    at ih (https://wiki.seeedstudio.com/assets/js/main.cd7bec86.js:1:78866)
    at d (https://wiki.seeedstudio.com/assets/js/main.cd7bec86.js:1:153658)
    at _B (https://wiki.seeedstudio.com/assets/js/main.cd7bec86.js:1:131468)
    at _y (https://wiki.seeedstudio.com/assets/js/main.cd7bec86.js:1:126535)
    at w (https://wiki.seeedstudio.com/assets/js/main.cd7bec86.js:1:204618)
    at MessagePort.I (https://wiki.seeedstudio.com/assets/js/main.cd7bec86.js:1:205139) {componentStack: 
    at p (https://wiki.seeedstudio.com/assets/js/…edstudio.com/assets/js/main.cd7bec86.js:1:169802), digest: null} @ https://wiki.seeedstudio.com/assets/js/main.cd7bec86.js:26
[     917ms] [ERROR] Docusaurus React Root onRecoverableError: Error: Minified React error #418; visit https://reactjs.org/docs/error-decoder.html?invariant=418 for the full message or use the non-minified dev environment for full errors and additional helpful warnings.
    at ih (https://wiki.seeedstudio.com/assets/js/main.cd7bec86.js:1:78866)
    at d (https://wiki.seeedstudio.com/assets/js/main.cd7bec86.js:1:153481)
    at _B (https://wiki.seeedstudio.com/assets/js/main.cd7bec86.js:1:131468)
    at _y (https://wiki.seeedstudio.com/assets/js/main.cd7bec86.js:1:126535)
    at w (https://wiki.seeedstudio.com/assets/js/main.cd7bec86.js:1:204618)
    at MessagePort.I (https://wiki.seeedstudio.com/assets/js/main.cd7bec86.js:1:205139) {componentStack: 
    at p
    at p (https://wiki.seeedstudio.com/a…edstudio.com/assets/js/main.cd7bec86.js:1:169802), digest: null} @ https://wiki.seeedstudio.com/assets/js/main.cd7bec86.js:26
[     917ms] [ERROR] Docusaurus React Root onRecoverableError: Error: Minified React error #418; visit https://reactjs.org/docs/error-decoder.html?invariant=418 for the full message or use the non-minified dev environment for full errors and additional helpful warnings.
    at ih (https://wiki.seeedstudio.com/assets/js/main.cd7bec86.js:1:78866)
    at d (https://wiki.seeedstudio.com/assets/js/main.cd7bec86.js:1:153658)
    at _B (https://wiki.seeedstudio.com/assets/js/main.cd7bec86.js:1:131468)
    at _y (https://wiki.seeedstudio.com/assets/js/main.cd7bec86.js:1:126535)
    at w (https://wiki.seeedstudio.com/assets/js/main.cd7bec86.js:1:204618)
    at MessagePort.I (https://wiki.seeedstudio.com/assets/js/main.cd7bec86.js:1:205139) {componentStack: 
    at p (https://wiki.seeedstudio.com/assets/js/…edstudio.com/assets/js/main.cd7bec86.js:1:169802), digest: null} @ https://wiki.seeedstudio.com/assets/js/main.cd7bec86.js:26
[     917ms] [ERROR] Docusaurus React Root onRecoverableError: Error: Minified React error #418; visit https://reactjs.org/docs/error-decoder.html?invariant=418 for the full message or use the non-minified dev environment for full errors and additional helpful warnings.
    at ih (https://wiki.seeedstudio.com/assets/js/main.cd7bec86.js:1:78866)
    at d (https://wiki.seeedstudio.com/assets/js/main.cd7bec86.js:1:153481)
    at _B (https://wiki.seeedstudio.com/assets/js/main.cd7bec86.js:1:131468)
    at _y (https://wiki.seeedstudio.com/assets/js/main.cd7bec86.js:1:126535)
    at w (https://wiki.seeedstudio.com/assets/js/main.cd7bec86.js:1:204618)
    at MessagePort.I (https://wiki.seeedstudio.com/assets/js/main.cd7bec86.js:1:205139) {componentStack: 
    at div
    at f (https://wiki.seeedstudio.com…edstudio.com/assets/js/main.cd7bec86.js:1:169802), digest: null} @ https://wiki.seeedstudio.com/assets/js/main.cd7bec86.js:26
[     917ms] [ERROR] Docusaurus React Root onRecoverableError: Error: Minified React error #418; visit https://reactjs.org/docs/error-decoder.html?invariant=418 for the full message or use the non-minified dev environment for full errors and additional helpful warnings.
    at ih (https://wiki.seeedstudio.com/assets/js/main.cd7bec86.js:1:78866)
    at d (https://wiki.seeedstudio.com/assets/js/main.cd7bec86.js:1:153658)
    at _B (https://wiki.seeedstudio.com/assets/js/main.cd7bec86.js:1:131468)
    at _y (https://wiki.seeedstudio.com/assets/js/main.cd7bec86.js:1:126535)
    at w (https://wiki.seeedstudio.com/assets/js/main.cd7bec86.js:1:204618)
    at MessagePort.I (https://wiki.seeedstudio.com/assets/js/main.cd7bec86.js:1:205139) {componentStack: 
    at p (https://wiki.seeedstudio.com/assets/js/…edstudio.com/assets/js/main.cd7bec86.js:1:169802), digest: null} @ https://wiki.seeedstudio.com/assets/js/main.cd7bec86.js:26
[     917ms] [ERROR] Docusaurus React Root onRecoverableError: Error: Minified React error #418; visit https://reactjs.org/docs/error-decoder.html?invariant=418 for the full message or use the non-minified dev environment for full errors and additional helpful warnings.
    at ih (https://wiki.seeedstudio.com/assets/js/main.cd7bec86.js:1:78866)
    at d (https://wiki.seeedstudio.com/assets/js/main.cd7bec86.js:1:153481)
    at _B (https://wiki.seeedstudio.com/assets/js/main.cd7bec86.js:1:131468)
    at _y (https://wiki.seeedstudio.com/assets/js/main.cd7bec86.js:1:126535)
    at w (https://wiki.seeedstudio.com/assets/js/main.cd7bec86.js:1:204618)
    at MessagePort.I (https://wiki.seeedstudio.com/assets/js/main.cd7bec86.js:1:205139) {componentStack: 
    at h3
    at s (https://wiki.seeedstudio.com/…edstudio.com/assets/js/main.cd7bec86.js:1:169802), digest: null} @ https://wiki.seeedstudio.com/assets/js/main.cd7bec86.js:26
[     918ms] [ERROR] Docusaurus React Root onRecoverableError: Error: Minified React error #418; visit https://reactjs.org/docs/error-decoder.html?invariant=418 for the full message or use the non-minified dev environment for full errors and additional helpful warnings.
    at ih (https://wiki.seeedstudio.com/assets/js/main.cd7bec86.js:1:78866)
    at d (https://wiki.seeedstudio.com/assets/js/main.cd7bec86.js:1:153658)
    at _B (https://wiki.seeedstudio.com/assets/js/main.cd7bec86.js:1:131468)
    at _y (https://wiki.seeedstudio.com/assets/js/main.cd7bec86.js:1:126535)
    at w (https://wiki.seeedstudio.com/assets/js/main.cd7bec86.js:1:204618)
    at MessagePort.I (https://wiki.seeedstudio.com/assets/js/main.cd7bec86.js:1:205139) {componentStack: 
    at p (https://wiki.seeedstudio.com/assets/js/…edstudio.com/assets/js/main.cd7bec86.js:1:169802), digest: null} @ https://wiki.seeedstudio.com/assets/js/main.cd7bec86.js:26
[     918ms] [ERROR] Docusaurus React Root onRecoverableError: Error: Minified React error #418; visit https://reactjs.org/docs/error-decoder.html?invariant=418 for the full message or use the non-minified dev environment for full errors and additional helpful warnings.
    at ih (https://wiki.seeedstudio.com/assets/js/main.cd7bec86.js:1:78866)
    at d (https://wiki.seeedstudio.com/assets/js/main.cd7bec86.js:1:153481)
    at _B (https://wiki.seeedstudio.com/assets/js/main.cd7bec86.js:1:131468)
    at _y (https://wiki.seeedstudio.com/assets/js/main.cd7bec86.js:1:126535)
    at w (https://wiki.seeedstudio.com/assets/js/main.cd7bec86.js:1:204618)
    at MessagePort.I (https://wiki.seeedstudio.com/assets/js/main.cd7bec86.js:1:205139) {componentStack: 
    at p
    at p (https://wiki.seeedstudio.com/a…edstudio.com/assets/js/main.cd7bec86.js:1:169802), digest: null} @ https://wiki.seeedstudio.com/assets/js/main.cd7bec86.js:26
[     918ms] [ERROR] Docusaurus React Root onRecoverableError: Error: Minified React error #418; visit https://reactjs.org/docs/error-decoder.html?invariant=418 for the full message or use the non-minified dev environment for full errors and additional helpful warnings.
    at ih (https://wiki.seeedstudio.com/assets/js/main.cd7bec86.js:1:78866)
    at d (https://wiki.seeedstudio.com/assets/js/main.cd7bec86.js:1:153658)
    at _B (https://wiki.seeedstudio.com/assets/js/main.cd7bec86.js:1:131468)
    at _y (https://wiki.seeedstudio.com/assets/js/main.cd7bec86.js:1:126535)
    at w (https://wiki.seeedstudio.com/assets/js/main.cd7bec86.js:1:204618)
    at MessagePort.I (https://wiki.seeedstudio.com/assets/js/main.cd7bec86.js:1:205139) {componentStack: 
    at p (https://wiki.seeedstudio.com/assets/js/…edstudio.com/assets/js/main.cd7bec86.js:1:169802), digest: null} @ https://wiki.seeedstudio.com/assets/js/main.cd7bec86.js:26
[     918ms] [ERROR] Docusaurus React Root onRecoverableError: Error: Minified React error #418; visit https://reactjs.org/docs/error-decoder.html?invariant=418 for the full message or use the non-minified dev environment for full errors and additional helpful warnings.
    at ih (https://wiki.seeedstudio.com/assets/js/main.cd7bec86.js:1:78866)
    at d (https://wiki.seeedstudio.com/assets/js/main.cd7bec86.js:1:153481)
    at _B (https://wiki.seeedstudio.com/assets/js/main.cd7bec86.js:1:131468)
    at _y (https://wiki.seeedstudio.com/assets/js/main.cd7bec86.js:1:126535)
    at w (https://wiki.seeedstudio.com/assets/js/main.cd7bec86.js:1:204618)
    at MessagePort.I (https://wiki.seeedstudio.com/assets/js/main.cd7bec86.js:1:205139) {componentStack: 
    at p
    at p (https://wiki.seeedstudio.com/a…edstudio.com/assets/js/main.cd7bec86.js:1:169802), digest: null} @ https://wiki.seeedstudio.com/assets/js/main.cd7bec86.js:26
[     918ms] [ERROR] Docusaurus React Root onRecoverableError: Error: Minified React error #418; visit https://reactjs.org/docs/error-decoder.html?invariant=418 for the full message or use the non-minified dev environment for full errors and additional helpful warnings.
    at ih (https://wiki.seeedstudio.com/assets/js/main.cd7bec86.js:1:78866)
    at d (https://wiki.seeedstudio.com/assets/js/main.cd7bec86.js:1:153658)
    at _B (https://wiki.seeedstudio.com/assets/js/main.cd7bec86.js:1:131468)
    at _y (https://wiki.seeedstudio.com/assets/js/main.cd7bec86.js:1:126535)
    at w (https://wiki.seeedstudio.com/assets/js/main.cd7bec86.js:1:204618)
    at MessagePort.I (https://wiki.seeedstudio.com/assets/js/main.cd7bec86.js:1:205139) {componentStack: 
    at p (https://wiki.seeedstudio.com/assets/js/…edstudio.com/assets/js/main.cd7bec86.js:1:169802), digest: null} @ https://wiki.seeedstudio.com/assets/js/main.cd7bec86.js:26
[     918ms] [ERROR] Docusaurus React Root onRecoverableError: Error: Minified React error #418; visit https://reactjs.org/docs/error-decoder.html?invariant=418 for the full message or use the non-minified dev environment for full errors and additional helpful warnings.
    at ih (https://wiki.seeedstudio.com/assets/js/main.cd7bec86.js:1:78866)
    at d (https://wiki.seeedstudio.com/assets/js/main.cd7bec86.js:1:153481)
    at _B (https://wiki.seeedstudio.com/assets/js/main.cd7bec86.js:1:131468)
    at _y (https://wiki.seeedstudio.com/assets/js/main.cd7bec86.js:1:126535)
    at w (https://wiki.seeedstudio.com/assets/js/main.cd7bec86.js:1:204618)
    at MessagePort.I (https://wiki.seeedstudio.com/assets/js/main.cd7bec86.js:1:205139) {componentStack: 
    at ul
    at ul (https://wiki.seeedstudio.com…edstudio.com/assets/js/main.cd7bec86.js:1:169802), digest: null} @ https://wiki.seeedstudio.com/assets/js/main.cd7bec86.js:26
[     918ms] [ERROR] Docusaurus React Root onRecoverableError: Error: Minified React error #418; visit https://reactjs.org/docs/error-decoder.html?invariant=418 for the full message or use the non-minified dev environment for full errors and additional helpful warnings.
    at ih (https://wiki.seeedstudio.com/assets/js/main.cd7bec86.js:1:78866)
    at d (https://wiki.seeedstudio.com/assets/js/main.cd7bec86.js:1:153658)
    at _B (https://wiki.seeedstudio.com/assets/js/main.cd7bec86.js:1:131468)
    at _y (https://wiki.seeedstudio.com/assets/js/main.cd7bec86.js:1:126535)
    at w (https://wiki.seeedstudio.com/assets/js/main.cd7bec86.js:1:204618)
    at MessagePort.I (https://wiki.seeedstudio.com/assets/js/main.cd7bec86.js:1:205139) {componentStack: 
    at p (https://wiki.seeedstudio.com/assets/js/…edstudio.com/assets/js/main.cd7bec86.js:1:169802), digest: null} @ https://wiki.seeedstudio.com/assets/js/main.cd7bec86.js:26
[     918ms] [ERROR] Docusaurus React Root onRecoverableError: Error: Minified React error #418; visit https://reactjs.org/docs/error-decoder.html?invariant=418 for the full message or use the non-minified dev environment for full errors and additional helpful warnings.
    at ih (https://wiki.seeedstudio.com/assets/js/main.cd7bec86.js:1:78866)
    at d (https://wiki.seeedstudio.com/assets/js/main.cd7bec86.js:1:153481)
    at _B (https://wiki.seeedstudio.com/assets/js/main.cd7bec86.js:1:131468)
    at _y (https://wiki.seeedstudio.com/assets/js/main.cd7bec86.js:1:126535)
    at w (https://wiki.seeedstudio.com/assets/js/main.cd7bec86.js:1:204618)
    at MessagePort.I (https://wiki.seeedstudio.com/assets/js/main.cd7bec86.js:1:205139) {componentStack: 
    at h3
    at s (https://wiki.seeedstudio.com/…edstudio.com/assets/js/main.cd7bec86.js:1:169802), digest: null} @ https://wiki.seeedstudio.com/assets/js/main.cd7bec86.js:26
[     918ms] [ERROR] Docusaurus React Root onRecoverableError: Error: Minified React error #418; visit https://reactjs.org/docs/error-decoder.html?invariant=418 for the full message or use the non-minified dev environment for full errors and additional helpful warnings.
    at ih (https://wiki.seeedstudio.com/assets/js/main.cd7bec86.js:1:78866)
    at d (https://wiki.seeedstudio.com/assets/js/main.cd7bec86.js:1:153658)
    at _B (https://wiki.seeedstudio.com/assets/js/main.cd7bec86.js:1:131468)
    at _y (https://wiki.seeedstudio.com/assets/js/main.cd7bec86.js:1:126535)
    at w (https://wiki.seeedstudio.com/assets/js/main.cd7bec86.js:1:204618)
    at MessagePort.I (https://wiki.seeedstudio.com/assets/js/main.cd7bec86.js:1:205139) {componentStack: 
    at p (https://wiki.seeedstudio.com/assets/js/…edstudio.com/assets/js/main.cd7bec86.js:1:169802), digest: null} @ https://wiki.seeedstudio.com/assets/js/main.cd7bec86.js:26
[     918ms] [ERROR] Docusaurus React Root onRecoverableError: Error: Minified React error #418; visit https://reactjs.org/docs/error-decoder.html?invariant=418 for the full message or use the non-minified dev environment for full errors and additional helpful warnings.
    at ih (https://wiki.seeedstudio.com/assets/js/main.cd7bec86.js:1:78866)
    at d (https://wiki.seeedstudio.com/assets/js/main.cd7bec86.js:1:153481)
    at _B (https://wiki.seeedstudio.com/assets/js/main.cd7bec86.js:1:131468)
    at _y (https://wiki.seeedstudio.com/assets/js/main.cd7bec86.js:1:126535)
    at w (https://wiki.seeedstudio.com/assets/js/main.cd7bec86.js:1:204618)
    at MessagePort.I (https://wiki.seeedstudio.com/assets/js/main.cd7bec86.js:1:205139) {componentStack: 
    at p
    at p (https://wiki.seeedstudio.com/a…edstudio.com/assets/js/main.cd7bec86.js:1:169802), digest: null} @ https://wiki.seeedstudio.com/assets/js/main.cd7bec86.js:26
[     918ms] [ERROR] Docusaurus React Root onRecoverableError: Error: Minified React error #418; visit https://reactjs.org/docs/error-decoder.html?invariant=418 for the full message or use the non-minified dev environment for full errors and additional helpful warnings.
    at ih (https://wiki.seeedstudio.com/assets/js/main.cd7bec86.js:1:78866)
    at d (https://wiki.seeedstudio.com/assets/js/main.cd7bec86.js:1:153658)
    at _B (https://wiki.seeedstudio.com/assets/js/main.cd7bec86.js:1:131468)
    at _y (https://wiki.seeedstudio.com/assets/js/main.cd7bec86.js:1:126535)
    at w (https://wiki.seeedstudio.com/assets/js/main.cd7bec86.js:1:204618)
    at MessagePort.I (https://wiki.seeedstudio.com/assets/js/main.cd7bec86.js:1:205139) {componentStack: 
    at p (https://wiki.seeedstudio.com/assets/js/…edstudio.com/assets/js/main.cd7bec86.js:1:169802), digest: null} @ https://wiki.seeedstudio.com/assets/js/main.cd7bec86.js:26
[     919ms] [ERROR] Docusaurus React Root onRecoverableError: Error: Minified React error #418; visit https://reactjs.org/docs/error-decoder.html?invariant=418 for the full message or use the non-minified dev environment for full errors and additional helpful warnings.
    at ih (https://wiki.seeedstudio.com/assets/js/main.cd7bec86.js:1:78866)
    at d (https://wiki.seeedstudio.com/assets/js/main.cd7bec86.js:1:153481)
    at _B (https://wiki.seeedstudio.com/assets/js/main.cd7bec86.js:1:131468)
    at _y (https://wiki.seeedstudio.com/assets/js/main.cd7bec86.js:1:126535)
    at w (https://wiki.seeedstudio.com/assets/js/main.cd7bec86.js:1:204618)
    at MessagePort.I (https://wiki.seeedstudio.com/assets/js/main.cd7bec86.js:1:205139) {componentStack: 
    at ul
    at ul (https://wiki.seeedstudio.com…edstudio.com/assets/js/main.cd7bec86.js:1:169802), digest: null} @ https://wiki.seeedstudio.com/assets/js/main.cd7bec86.js:26
[     919ms] [ERROR] Docusaurus React Root onRecoverableError: Error: Minified React error #418; visit https://reactjs.org/docs/error-decoder.html?invariant=418 for the full message or use the non-minified dev environment for full errors and additional helpful warnings.
    at ih (https://wiki.seeedstudio.com/assets/js/main.cd7bec86.js:1:78866)
    at d (https://wiki.seeedstudio.com/assets/js/main.cd7bec86.js:1:153658)
    at _B (https://wiki.seeedstudio.com/assets/js/main.cd7bec86.js:1:131468)
    at _y (https://wiki.seeedstudio.com/assets/js/main.cd7bec86.js:1:126535)
    at w (https://wiki.seeedstudio.com/assets/js/main.cd7bec86.js:1:204618)
    at MessagePort.I (https://wiki.seeedstudio.com/assets/js/main.cd7bec86.js:1:205139) {componentStack: 
    at p (https://wiki.seeedstudio.com/assets/js/…edstudio.com/assets/js/main.cd7bec86.js:1:169802), digest: null} @ https://wiki.seeedstudio.com/assets/js/main.cd7bec86.js:26
[     919ms] [ERROR] Docusaurus React Root onRecoverableError: Error: Minified React error #418; visit https://reactjs.org/docs/error-decoder.html?invariant=418 for the full message or use the non-minified dev environment for full errors and additional helpful warnings.
    at ih (https://wiki.seeedstudio.com/assets/js/main.cd7bec86.js:1:78866)
    at d (https://wiki.seeedstudio.com/assets/js/main.cd7bec86.js:1:153481)
    at _B (https://wiki.seeedstudio.com/assets/js/main.cd7bec86.js:1:131468)
    at _y (https://wiki.seeedstudio.com/assets/js/main.cd7bec86.js:1:126535)
    at w (https://wiki.seeedstudio.com/assets/js/main.cd7bec86.js:1:204618)
    at MessagePort.I (https://wiki.seeedstudio.com/assets/js/main.cd7bec86.js:1:205139) {componentStack: 
    at p
    at p (https://wiki.seeedstudio.com/a…edstudio.com/assets/js/main.cd7bec86.js:1:169802), digest: null} @ https://wiki.seeedstudio.com/assets/js/main.cd7bec86.js:26
[     919ms] [ERROR] Docusaurus React Root onRecoverableError: Error: Minified React error #418; visit https://reactjs.org/docs/error-decoder.html?invariant=418 for the full message or use the non-minified dev environment for full errors and additional helpful warnings.
    at ih (https://wiki.seeedstudio.com/assets/js/main.cd7bec86.js:1:78866)
    at d (https://wiki.seeedstudio.com/assets/js/main.cd7bec86.js:1:153658)
    at _B (https://wiki.seeedstudio.com/assets/js/main.cd7bec86.js:1:131468)
    at _y (https://wiki.seeedstudio.com/assets/js/main.cd7bec86.js:1:126535)
    at w (https://wiki.seeedstudio.com/assets/js/main.cd7bec86.js:1:204618)
    at MessagePort.I (https://wiki.seeedstudio.com/assets/js/main.cd7bec86.js:1:205139) {componentStack: 
    at p (https://wiki.seeedstudio.com/assets/js/…edstudio.com/assets/js/main.cd7bec86.js:1:169802), digest: null} @ https://wiki.seeedstudio.com/assets/js/main.cd7bec86.js:26
[     919ms] [ERROR] Docusaurus React Root onRecoverableError: Error: Minified React error #418; visit https://reactjs.org/docs/error-decoder.html?invariant=418 for the full message or use the non-minified dev environment for full errors and additional helpful warnings.
    at ih (https://wiki.seeedstudio.com/assets/js/main.cd7bec86.js:1:78866)
    at d (https://wiki.seeedstudio.com/assets/js/main.cd7bec86.js:1:153481)
    at _B (https://wiki.seeedstudio.com/assets/js/main.cd7bec86.js:1:131468)
    at _y (https://wiki.seeedstudio.com/assets/js/main.cd7bec86.js:1:126535)
    at w (https://wiki.seeedstudio.com/assets/js/main.cd7bec86.js:1:204618)
    at MessagePort.I (https://wiki.seeedstudio.com/assets/js/main.cd7bec86.js:1:205139) {componentStack: 
    at h2
    at s (https://wiki.seeedstudio.com/…edstudio.com/assets/js/main.cd7bec86.js:1:169802), digest: null} @ https://wiki.seeedstudio.com/assets/js/main.cd7bec86.js:26
[     919ms] [ERROR] Docusaurus React Root onRecoverableError: Error: Minified React error #418; visit https://reactjs.org/docs/error-decoder.html?invariant=418 for the full message or use the non-minified dev environment for full errors and additional helpful warnings.
    at ih (https://wiki.seeedstudio.com/assets/js/main.cd7bec86.js:1:78866)
    at d (https://wiki.seeedstudio.com/assets/js/main.cd7bec86.js:1:153658)
    at _B (https://wiki.seeedstudio.com/assets/js/main.cd7bec86.js:1:131468)
    at _y (https://wiki.seeedstudio.com/assets/js/main.cd7bec86.js:1:126535)
    at w (https://wiki.seeedstudio.com/assets/js/main.cd7bec86.js:1:204618)
    at MessagePort.I (https://wiki.seeedstudio.com/assets/js/main.cd7bec86.js:1:205139) {componentStack: 
    at p (https://wiki.seeedstudio.com/assets/js/…edstudio.com/assets/js/main.cd7bec86.js:1:169802), digest: null} @ https://wiki.seeedstudio.com/assets/js/main.cd7bec86.js:26
[     919ms] [ERROR] Docusaurus React Root onRecoverableError: Error: Minified React error #418; visit https://reactjs.org/docs/error-decoder.html?invariant=418 for the full message or use the non-minified dev environment for full errors and additional helpful warnings.
    at ih (https://wiki.seeedstudio.com/assets/js/main.cd7bec86.js:1:78866)
    at d (https://wiki.seeedstudio.com/assets/js/main.cd7bec86.js:1:153481)
    at _B (https://wiki.seeedstudio.com/assets/js/main.cd7bec86.js:1:131468)
    at _y (https://wiki.seeedstudio.com/assets/js/main.cd7bec86.js:1:126535)
    at w (https://wiki.seeedstudio.com/assets/js/main.cd7bec86.js:1:204618)
    at MessagePort.I (https://wiki.seeedstudio.com/assets/js/main.cd7bec86.js:1:205139) {componentStack: 
    at p
    at p (https://wiki.seeedstudio.com/a…edstudio.com/assets/js/main.cd7bec86.js:1:169802), digest: null} @ https://wiki.seeedstudio.com/assets/js/main.cd7bec86.js:26
[     919ms] [ERROR] Docusaurus React Root onRecoverableError: Error: Minified React error #418; visit https://reactjs.org/docs/error-decoder.html?invariant=418 for the full message or use the non-minified dev environment for full errors and additional helpful warnings.
    at ih (https://wiki.seeedstudio.com/assets/js/main.cd7bec86.js:1:78866)
    at d (https://wiki.seeedstudio.com/assets/js/main.cd7bec86.js:1:153658)
    at _B (https://wiki.seeedstudio.com/assets/js/main.cd7bec86.js:1:131468)
    at _y (https://wiki.seeedstudio.com/assets/js/main.cd7bec86.js:1:126535)
    at w (https://wiki.seeedstudio.com/assets/js/main.cd7bec86.js:1:204618)
    at MessagePort.I (https://wiki.seeedstudio.com/assets/js/main.cd7bec86.js:1:205139) {componentStack: 
    at p (https://wiki.seeedstudio.com/assets/js/…edstudio.com/assets/js/main.cd7bec86.js:1:169802), digest: null} @ https://wiki.seeedstudio.com/assets/js/main.cd7bec86.js:26
[     919ms] [ERROR] Docusaurus React Root onRecoverableError: Error: Minified React error #418; visit https://reactjs.org/docs/error-decoder.html?invariant=418 for the full message or use the non-minified dev environment for full errors and additional helpful warnings.
    at ih (https://wiki.seeedstudio.com/assets/js/main.cd7bec86.js:1:78866)
    at d (https://wiki.seeedstudio.com/assets/js/main.cd7bec86.js:1:153481)
    at _B (https://wiki.seeedstudio.com/assets/js/main.cd7bec86.js:1:131468)
    at _y (https://wiki.seeedstudio.com/assets/js/main.cd7bec86.js:1:126535)
    at w (https://wiki.seeedstudio.com/assets/js/main.cd7bec86.js:1:204618)
    at MessagePort.I (https://wiki.seeedstudio.com/assets/js/main.cd7bec86.js:1:205139) {componentStack: 
    at div
    at p (https://wiki.seeedstudio.com…edstudio.com/assets/js/main.cd7bec86.js:1:169802), digest: null} @ https://wiki.seeedstudio.com/assets/js/main.cd7bec86.js:26
[     919ms] [ERROR] Docusaurus React Root onRecoverableError: Error: Minified React error #418; visit https://reactjs.org/docs/error-decoder.html?invariant=418 for the full message or use the non-minified dev environment for full errors and additional helpful warnings.
    at ih (https://wiki.seeedstudio.com/assets/js/main.cd7bec86.js:1:78866)
    at d (https://wiki.seeedstudio.com/assets/js/main.cd7bec86.js:1:153658)
    at _B (https://wiki.seeedstudio.com/assets/js/main.cd7bec86.js:1:131468)
    at _y (https://wiki.seeedstudio.com/assets/js/main.cd7bec86.js:1:126535)
    at w (https://wiki.seeedstudio.com/assets/js/main.cd7bec86.js:1:204618)
    at MessagePort.I (https://wiki.seeedstudio.com/assets/js/main.cd7bec86.js:1:205139) {componentStack: 
    at p (https://wiki.seeedstudio.com/assets/js/…edstudio.com/assets/js/main.cd7bec86.js:1:169802), digest: null} @ https://wiki.seeedstudio.com/assets/js/main.cd7bec86.js:26
[     919ms] [ERROR] Docusaurus React Root onRecoverableError: Error: Minified React error #418; visit https://reactjs.org/docs/error-decoder.html?invariant=418 for the full message or use the non-minified dev environment for full errors and additional helpful warnings.
    at ih (https://wiki.seeedstudio.com/assets/js/main.cd7bec86.js:1:78866)
    at d (https://wiki.seeedstudio.com/assets/js/main.cd7bec86.js:1:153481)
    at _B (https://wiki.seeedstudio.com/assets/js/main.cd7bec86.js:1:131468)
    at _y (https://wiki.seeedstudio.com/assets/js/main.cd7bec86.js:1:126535)
    at w (https://wiki.seeedstudio.com/assets/js/main.cd7bec86.js:1:204618)
    at MessagePort.I (https://wiki.seeedstudio.com/assets/js/main.cd7bec86.js:1:205139) {componentStack: 
    at div
    at p (https://wiki.seeedstudio.com…edstudio.com/assets/js/main.cd7bec86.js:1:169802), digest: null} @ https://wiki.seeedstudio.com/assets/js/main.cd7bec86.js:26
[     919ms] [ERROR] Docusaurus React Root onRecoverableError: Error: Minified React error #418; visit https://reactjs.org/docs/error-decoder.html?invariant=418 for the full message or use the non-minified dev environment for full errors and additional helpful warnings.
    at ih (https://wiki.seeedstudio.com/assets/js/main.cd7bec86.js:1:78866)
    at d (https://wiki.seeedstudio.com/assets/js/main.cd7bec86.js:1:153481)
    at _B (https://wiki.seeedstudio.com/assets/js/main.cd7bec86.js:1:131468)
    at _y (https://wiki.seeedstudio.com/assets/js/main.cd7bec86.js:1:126535)
    at w (https://wiki.seeedstudio.com/assets/js/main.cd7bec86.js:1:204618)
    at MessagePort.I (https://wiki.seeedstudio.com/assets/js/main.cd7bec86.js:1:205139) {componentStack: 
    at footer
    at _ (https://wiki.seeedstudio.…edstudio.com/assets/js/main.cd7bec86.js:1:169802), digest: null} @ https://wiki.seeedstudio.com/assets/js/main.cd7bec86.js:26
[     919ms] [ERROR] Docusaurus React Root onRecoverableError: Error: Minified React error #418; visit https://reactjs.org/docs/error-decoder.html?invariant=418 for the full message or use the non-minified dev environment for full errors and additional helpful warnings.
    at ih (https://wiki.seeedstudio.com/assets/js/main.cd7bec86.js:1:78866)
    at d (https://wiki.seeedstudio.com/assets/js/main.cd7bec86.js:1:153481)
    at _B (https://wiki.seeedstudio.com/assets/js/main.cd7bec86.js:1:131468)
    at _y (https://wiki.seeedstudio.com/assets/js/main.cd7bec86.js:1:126535)
    at w (https://wiki.seeedstudio.com/assets/js/main.cd7bec86.js:1:204618)
    at MessagePort.I (https://wiki.seeedstudio.com/assets/js/main.cd7bec86.js:1:205139) {componentStack: 
    at nav
    at o (https://wiki.seeedstudio.com…edstudio.com/assets/js/main.cd7bec86.js:1:169802), digest: null} @ https://wiki.seeedstudio.com/assets/js/main.cd7bec86.js:26
[     919ms] [ERROR] Docusaurus React Root onRecoverableError: Error: Minified React error #418; visit https://reactjs.org/docs/error-decoder.html?invariant=418 for the full message or use the non-minified dev environment for full errors and additional helpful warnings.
    at ih (https://wiki.seeedstudio.com/assets/js/main.cd7bec86.js:1:78866)
    at d (https://wiki.seeedstudio.com/assets/js/main.cd7bec86.js:1:153481)
    at _B (https://wiki.seeedstudio.com/assets/js/main.cd7bec86.js:1:131468)
    at _y (https://wiki.seeedstudio.com/assets/js/main.cd7bec86.js:1:126535)
    at w (https://wiki.seeedstudio.com/assets/js/main.cd7bec86.js:1:204618)
    at MessagePort.I (https://wiki.seeedstudio.com/assets/js/main.cd7bec86.js:1:205139) {componentStack: 
    at div
    at a (https://wiki.seeedstudio.com…edstudio.com/assets/js/main.cd7bec86.js:1:169802), digest: null} @ https://wiki.seeedstudio.com/assets/js/main.cd7bec86.js:26
[     919ms] [ERROR] Docusaurus React Root onRecoverableError: Error: Minified React error #418; visit https://reactjs.org/docs/error-decoder.html?invariant=418 for the full message or use the non-minified dev environment for full errors and additional helpful warnings.
    at ih (https://wiki.seeedstudio.com/assets/js/main.cd7bec86.js:1:78866)
    at d (https://wiki.seeedstudio.com/assets/js/main.cd7bec86.js:1:153481)
    at _B (https://wiki.seeedstudio.com/assets/js/main.cd7bec86.js:1:131468)
    at _y (https://wiki.seeedstudio.com/assets/js/main.cd7bec86.js:1:126535)
    at w (https://wiki.seeedstudio.com/assets/js/main.cd7bec86.js:1:204618)
    at MessagePort.I (https://wiki.seeedstudio.com/assets/js/main.cd7bec86.js:1:205139) {componentStack: 
    at div
    at div
    at B (https://wiki.seee…edstudio.com/assets/js/main.cd7bec86.js:1:169802), digest: null} @ https://wiki.seeedstudio.com/assets/js/main.cd7bec86.js:26
[     920ms] [ERROR] Docusaurus React Root onRecoverableError: Error: Minified React error #418; visit https://reactjs.org/docs/error-decoder.html?invariant=418 for the full message or use the non-minified dev environment for full errors and additional helpful warnings.
    at ih (https://wiki.seeedstudio.com/assets/js/main.cd7bec86.js:1:78866)
    at d (https://wiki.seeedstudio.com/assets/js/main.cd7bec86.js:1:153481)
    at _B (https://wiki.seeedstudio.com/assets/js/main.cd7bec86.js:1:131468)
    at _y (https://wiki.seeedstudio.com/assets/js/main.cd7bec86.js:1:126535)
    at w (https://wiki.seeedstudio.com/assets/js/main.cd7bec86.js:1:204618)
    at MessagePort.I (https://wiki.seeedstudio.com/assets/js/main.cd7bec86.js:1:205139) {componentStack: 
    at footer
    at tp (https://wiki.seeedstudio…edstudio.com/assets/js/main.cd7bec86.js:1:169802), digest: null} @ https://wiki.seeedstudio.com/assets/js/main.cd7bec86.js:26
[     920ms] [ERROR] Docusaurus React Root onRecoverableError: Error: Minified React error #423; visit https://reactjs.org/docs/error-decoder.html?invariant=423 for the full message or use the non-minified dev environment for full errors and additional helpful warnings.
    at d (https://wiki.seeedstudio.com/assets/js/main.cd7bec86.js:1:153140)
    at _B (https://wiki.seeedstudio.com/assets/js/main.cd7bec86.js:1:131468)
    at _L (https://wiki.seeedstudio.com/assets/js/main.cd7bec86.js:1:131338)
    at _k (https://wiki.seeedstudio.com/assets/js/main.cd7bec86.js:1:128109)
    at _y (https://wiki.seeedstudio.com/assets/js/main.cd7bec86.js:1:126664)
    at w (https://wiki.seeedstudio.com/assets/js/main.cd7bec86.js:1:204618)
    at MessagePort.I (https://wiki.seeedstudio.com/assets/js/main.cd7bec86.js:1:205139) {componentStack: , digest: null} @ https://wiki.seeedstudio.com/assets/js/main.cd7bec86.js:26
